(65626,)
(65627,)
(65629,)
(65631,)
(65632,)
(65633,)
(65636,)
(65640,)
(65643,)
(65644,)
(65647,)
(65649,)
(65653,)
(65657,)
(65659,)
(65661,)
(65664,)
(65665,)
(65666,)
(65668,)
(65669,)
(65670,)
(65674,)
(65676,)
(65677,)
(65679,)
(65680,)
(65681,)
(65684,)
(65685,)
(65686,)
(65690,)
(65691,)
(65693,)
(65694,)
(65697,)
(65702,)
(65704,)
(65706,)
(65710,)
(65712,)
(65717,)
(65718,)
(65719,)
(65726,)
(65727,)
(65728,)
(65730,)
(65731,)
(65734,)
(65735,)
(65737,)
(65738,)
(65741,)
(65742,)
(65743,)
(65745,)
(65746,)
(65752,)
(65753,)
(65755,)
(65756,)
(65761,)
(65762,)
(65763,)
(65764,)
(65767,)
(65768,)
(65769,)
(65770,)
(65771,)
(65773,)
(65775,)
(65777,)
(65779,)
(65784,)
(65785,)
(65792,)
(65794,)
(65796,)
(65797,)
(65800,)
(65806,)
(65807,)
(65811,)
(65814,)
(65817,)
(65818,)
(65819,)
(65823,)
(65824,)
(65827,)
(65829,)
(65830,)
(65834,)
(65836,)
(65838,)
(65839,)
(65841,)
(65842,)
(65843,)
(65844,)
(65845,)
(65849,)
(65850,)
(65853,)
(65855,)
(65856,)
(65859,)
(65860,)
(65866,)
(65869,)
(65872,)
(65874,)
(65880,)
(65882,)
(65883,)
(65885,)
(65886,)
(65888,)
(65891,)
(65895,)
(65896,)
(65897,)
(65900,)
(65901,)
(65903,)
(65905,)
(65907,)
(65909,)
(65910,)
(65911,)
(65912,)
(65913,)
(65914,)
(65917,)
(65918,)
(65919,)
(65920,)
(65921,)
(65923,)
(65924,)
(65926,)
(65927,)
(65930,)
(65931,)
(65932,)
(65936,)
(65937,)
(65939,)
(65948,)
(65949,)
(65951,)
(65953,)
(65954,)
(65961,)
(65962,)
(65964,)
(65965,)
(65966,)
(65974,)
(65976,)
(65977,)
(65978,)
(65979,)
(65980,)
(65981,)
(65983,)
(65984,)
(65987,)
(65988,)
(65989,)
(65990,)
(65991,)
(65992,)
(65997,)
(65998,)
(65999,)
(66000,)
(66001,)
(66007,)
(66008,)
(66010,)
(66011,)
(66013,)
(66014,)
(66015,)
(66016,)
(66019,)
(66023,)
(66024,)
(66025,)
(66026,)
(66027,)
(66029,)
(66033,)
(66034,)
(66035,)
(66039,)
(66040,)
(66044,)
(66045,)
(66049,)
(66050,)
(66052,)
(66053,)
(66056,)
(66062,)
(66067,)
(66071,)
(66072,)
(66074,)
(66075,)
(66076,)
(66079,)
(66083,)
(66085,)
(66086,)
(66087,)
(66092,)
(66094,)
(66095,)
(66096,)
(66099,)
(66100,)
(66101,)
(66106,)
(66107,)
(66108,)
(66109,)
(66110,)
(66112,)
(66113,)
(66114,)
(66115,)
(66118,)
(66121,)
(66122,)
(66124,)
(66127,)
(66128,)
(66132,)
(66138,)
(66139,)
(66140,)
(66143,)
(66144,)
(66151,)
(66152,)
(66156,)
(66157,)
(66158,)
(66159,)
(66161,)
(66162,)
(66164,)
(66165,)
(66166,)
(66171,)
(66174,)
(66175,)
(66176,)
(66177,)
(66179,)
(66180,)
(66182,)
(66184,)
(66186,)
(66188,)
(66192,)
(66195,)
(66197,)
(66202,)
(66204,)
(66205,)
(66207,)
(66209,)
(66210,)
(66213,)
(66214,)
(66215,)
(66216,)
(66218,)
(66219,)
(66221,)
(66222,)
(66223,)
(66224,)
(66225,)
(66227,)
(66228,)
(66229,)
(66230,)
(66232,)
(66233,)
(66235,)
(66236,)
(66237,)
(66238,)
(66239,)
(66240,)
(66241,)
(66242,)
(66243,)
(66244,)
(66246,)
(66248,)
(66249,)
(66250,)
(66251,)
(66252,)
(66254,)
(66258,)
(66259,)
(66261,)
(66262,)
(66263,)
(66264,)
(66267,)
(66268,)
(66270,)
(66272,)
(66273,)
(66275,)
(66276,)
(66283,)
(66286,)
(66288,)
(66290,)
(66291,)
(66292,)
(66299,)
(66300,)
(66302,)
(66305,)
(66306,)
(66307,)
(66308,)
(66311,)
(66312,)
(66314,)
(66315,)
(66316,)
(66317,)
(66318,)
(66319,)
(66320,)
(66321,)
(66322,)
(66323,)
(66325,)
(66331,)
(66332,)
(66333,)
(66335,)
(66337,)
(66338,)
(66343,)
(66348,)
(66349,)
(66351,)
(66352,)
(66354,)
(66355,)
(66358,)
(66359,)
(66360,)
(66361,)
(66362,)
(66364,)
(66365,)
(66366,)
(66368,)
(66372,)
(66375,)
(66376,)
(66377,)
(66380,)
(66383,)
(66386,)
(66387,)
(66390,)
(66391,)
(66395,)
(66397,)
(66399,)
(66403,)
(66404,)
(66407,)
(66408,)
(66409,)
(66410,)
(66411,)
(66412,)
(66413,)
(66414,)
(66415,)
(66416,)
(66418,)
(66420,)
(66422,)
(66423,)
(66427,)
(66428,)
(66431,)
(66437,)
(66439,)
(66440,)
(66443,)
(66447,)
(66452,)
(66453,)
(66456,)
(66457,)
(66459,)
(66461,)
(66470,)
(66471,)
(66476,)
(66477,)
(66478,)
(66480,)
(66481,)
(66482,)
(66483,)
(66486,)
(66489,)
(66490,)
(66491,)
(66493,)
(66496,)
(66498,)
(66500,)
(66501,)
(66504,)
(66505,)
(66507,)
(66508,)
(66509,)
(66510,)
(66511,)
(66514,)
(66519,)
(66523,)
(66525,)
(66527,)
(66529,)
(66530,)
(66532,)
(66534,)
(66537,)
(66541,)
(66542,)
(66543,)
(66545,)
(66549,)
(66550,)
(66551,)
(66552,)
(66553,)
(66555,)
(66556,)
(66558,)
(66560,)
(66562,)
(66563,)
(66564,)
(66565,)
(66566,)
(66567,)
(66568,)
(66569,)
(66573,)
(66575,)
(66577,)
(66582,)
(66583,)
(66585,)
(66587,)
(66588,)
(66589,)
(66590,)
(66591,)
(66594,)
(66595,)
(66597,)
(66599,)
(66600,)
(66603,)
(66607,)
(66609,)
(66610,)
(66611,)
(66612,)
(66613,)
(66615,)
(66616,)
(66620,)
(66621,)
(66623,)
(66625,)
(66626,)
(66629,)
(66630,)
(66634,)
(66635,)
(66638,)
(66640,)
(66642,)
(66645,)
(66648,)
(66650,)
(66653,)
(66658,)
(66660,)
(66661,)
(66662,)
(66663,)
(66664,)
(66669,)
(66672,)
(66677,)
(66678,)
(66682,)
(66687,)
(66688,)
(66694,)
(66697,)
(66699,)
(66700,)
(66703,)
(66704,)
(66705,)
(66706,)
(66708,)
(66709,)
(66711,)
(66712,)
(66713,)
(66715,)
(66719,)
(66721,)
(66723,)
(66724,)
(66726,)
(66727,)
(66729,)
(66730,)
(66734,)
(66736,)
(66737,)
(66739,)
(66742,)
(66743,)
(66744,)
(66745,)
(66746,)
(66749,)
(66751,)
(66755,)
(66757,)
(66758,)
(66760,)
(66761,)
(66762,)
(66763,)
(66764,)
(66768,)
(66771,)
(66773,)
(66780,)
(66782,)
(66783,)
(66785,)
(66788,)
(66792,)
(66793,)
(66794,)
(66796,)
(66797,)
(66798,)
(66799,)
(66803,)
(66805,)
(66806,)
(66808,)
(66810,)
(66811,)
(66814,)
(66816,)
(66818,)
(66821,)
(66824,)
(66828,)
(66829,)
(66832,)
(66833,)
(66834,)
(66835,)
(66838,)
(66839,)
(66840,)
(66842,)
(66843,)
(66844,)
(66846,)
(66849,)
(66852,)
(66853,)
(66856,)
(66858,)
(66861,)
(66862,)
(66864,)
(66865,)
(66866,)
(66867,)
(66868,)
(66869,)
(66870,)
(66871,)
(66873,)
(66876,)
(66877,)
(66878,)
(66880,)
(66882,)
(66884,)
(66888,)
(66889,)
(66890,)
(66894,)
(66896,)
(66897,)
(66900,)
(66901,)
(66903,)
(66907,)
(66910,)
(66911,)
(66913,)
(66915,)
(66917,)
(66918,)
(66922,)
(66923,)
(66926,)
(66930,)
(66931,)
(66936,)
(66937,)
(66938,)
(66940,)
(66941,)
(66943,)
(66944,)
(66946,)
(66947,)
(66949,)
(66952,)
(66957,)
(66958,)
(66959,)
(66960,)
(66961,)
(66967,)
(66968,)
(66969,)
(66972,)
(66977,)
(66978,)
(66979,)
(66980,)
(66982,)
(66984,)
(66985,)
(66986,)
(66987,)
(66990,)
(66992,)
(66995,)
(67000,)
(67002,)
(67004,)
(67005,)
(67007,)
(67010,)
(67011,)
(67013,)
(67014,)
(67015,)
(67016,)
(67018,)
(67019,)
(67021,)
(67022,)
(67024,)
(67025,)
(67026,)
(67027,)
(67028,)
(67030,)
(67032,)
(67034,)
(67035,)
(67038,)
(67041,)
(67042,)
(67043,)
(67044,)
(67047,)
(67049,)
(67056,)
(67057,)
(67059,)
(67060,)
(67064,)
(67066,)
(67068,)
(67071,)
(67073,)
(67074,)
(67075,)
(67076,)
(67078,)
(67079,)
(67080,)
(67081,)
(67084,)
(67085,)
(67086,)
(67088,)
(67089,)
(67090,)
(67092,)
(67098,)
(67100,)
(67103,)
(67104,)
(67105,)
(67107,)
(67108,)
(67109,)
(67110,)
(67117,)
(67119,)
(67120,)
(67121,)
(67123,)
(67126,)
(67131,)
(67132,)
(67134,)
(67135,)
(67138,)
(67141,)
(67144,)
(67148,)
(67150,)
(67155,)
(67156,)
(67157,)
(67159,)
(67161,)
(67162,)
(67163,)
(67165,)
(67166,)
(67168,)
(67169,)
(67170,)
(67172,)
(67174,)
(67175,)
(67177,)
(67179,)
(67180,)
(67181,)
(67183,)
(67184,)
(67185,)
(67188,)
(67189,)
(67190,)
(67193,)
(67198,)
(67199,)
(67204,)
(67205,)
(67206,)
(67207,)
(67208,)
(67209,)
(67211,)
(67216,)
(67221,)
(67222,)
(67223,)
(67229,)
(67230,)
(67231,)
(67232,)
(67236,)
(67238,)
(67242,)
(67243,)
(67244,)
(67245,)
(67248,)
(67250,)
(67252,)
(67255,)
(67259,)
(67261,)
(67263,)
(67264,)
(67267,)
(67270,)
(67271,)
(67272,)
(67281,)
(67282,)
(67285,)
(67288,)
(67290,)
(67293,)
(67295,)
(67296,)
(67300,)
(67303,)
(67304,)
(67307,)
(67308,)
(67311,)
(67312,)
(67314,)
(67317,)
(67318,)
(67320,)
(67322,)
(67324,)
(67327,)
(67328,)
(67329,)
(67332,)
(67334,)
(67335,)
(67336,)
(67338,)
(67340,)
(67343,)
(67344,)
(67346,)
(67347,)
(67348,)
(67349,)
(67350,)
(67352,)
(67353,)
(67358,)
(67359,)
(67360,)
(67363,)
(67368,)
(67370,)
(67371,)
(67372,)
(67374,)
(67376,)
(67378,)
(67379,)
(67383,)
(67384,)
(67388,)
(67392,)
(67394,)
(67396,)
(67399,)
(67402,)
(67403,)
(67404,)
(67406,)
(67407,)
(67408,)
(67409,)
(67410,)
(67414,)
(67419,)
(67420,)
(67424,)
(67426,)
(67429,)
(67431,)
(67432,)
(67433,)
(67434,)
(67435,)
(67438,)
(67439,)
(67440,)
(67442,)
(67446,)
(67447,)
(67448,)
(67450,)
(67451,)
(67453,)
(67454,)
(67458,)
(67459,)
(67461,)
(67464,)
(67465,)
(67470,)
(67471,)
(67472,)
(67475,)
(67479,)
(67481,)
(67482,)
(67484,)
(67490,)
(67492,)
(67495,)
(67496,)
(67497,)
(67498,)
(67500,)
(67506,)
(67507,)
(67508,)
(67509,)
(67511,)
(67512,)
(67515,)
(67522,)
(67524,)
(67526,)
(67529,)
(67530,)
(67533,)
(67535,)
(67536,)
(67537,)
(67542,)
(67546,)
(67547,)
(67548,)
(67551,)
(67555,)
(67556,)
(67557,)
(67558,)
(67559,)
(67560,)
(67561,)
(67566,)
(67567,)
(67568,)
(67569,)
(67571,)
(67572,)
(67576,)
(67577,)
(67578,)
(67579,)
(67580,)
(67581,)
(67583,)
(67585,)
(67588,)
(67589,)
(67591,)
(67593,)
(67594,)
(67597,)
(67601,)
(67603,)
(67604,)
(67607,)
(67608,)
(67609,)
(67610,)
(67612,)
(67615,)
(67617,)
(67618,)
(67619,)
(67621,)
(67623,)
(67624,)
(67632,)
(67633,)
(67634,)
(67636,)
(67640,)
(67642,)
(67643,)
(67644,)
(67645,)
(67646,)
(67647,)
(67650,)
(67651,)
(67652,)
(67653,)
(67657,)
(67658,)
(67659,)
(67660,)
(67662,)
(67663,)
(67666,)
(67667,)
(67668,)
(67669,)
(67672,)
(67673,)
(67676,)
(67680,)
(67683,)
(67684,)
(67685,)
(67687,)
(67688,)
(67693,)
(67695,)
(67697,)
(67700,)
(67701,)
(67708,)
(67710,)
(67715,)
(67717,)
(67719,)
(67720,)
(67722,)
(67723,)
(67729,)
(67732,)
(67737,)
(67739,)
(67741,)
(67742,)
(67743,)
(67750,)
(67752,)
(67753,)
(67754,)
(67755,)
(67761,)
(67762,)
(67765,)
(67771,)
(67773,)
(67776,)
(67777,)
(67778,)
(67780,)
(67783,)
(67786,)
(67787,)
(67789,)
(67792,)
(67793,)
(67798,)
(67799,)
(67800,)
(67802,)
(67804,)
(67805,)
(67806,)
(67808,)
(67811,)
(67814,)
(67817,)
(67819,)
(67820,)
(67826,)
(67829,)
(67830,)
(67831,)
(67836,)
(67842,)
(67845,)
(67848,)
(67849,)
(67850,)
(67851,)
(67859,)
(67861,)
(67866,)
(67867,)
(67868,)
(67869,)
(67870,)
(67874,)
(67875,)
(67876,)
(67877,)
(67879,)
(67881,)
(67883,)
(67886,)
(67890,)
(67891,)
(67892,)
(67893,)
(67895,)
(67896,)
(67898,)
(67899,)
(67901,)
(67904,)
(67905,)
(67906,)
(67908,)
(67909,)
(67911,)
(67912,)
(67913,)
(67914,)
(67917,)
(67920,)
(67923,)
(67925,)
(67930,)
(67931,)
(67933,)
(67934,)
(67935,)
(67936,)
(67938,)
(67939,)
(67944,)
(67946,)
(67950,)
(67951,)
(67952,)
(67953,)
(67954,)
(67958,)
(67962,)
(67965,)
(67966,)
(67968,)
(67971,)
(67973,)
(67974,)
(67975,)
(67978,)
(67979,)
(67981,)
(67984,)
(67986,)
(67994,)
(67995,)
(67996,)
(67998,)
(67999,)
(68006,)
(68010,)
(68014,)
(68015,)
(68020,)
(68022,)
(68023,)
(68024,)
(68026,)
(68027,)
(68029,)
(68033,)
(68035,)
(68039,)
(68040,)
(68041,)
(68042,)
(68043,)
(68045,)
(68047,)
(68049,)
(68050,)
(68051,)
(68052,)
(68053,)
(68054,)
(68057,)
(68062,)
(68063,)
(68065,)
(68066,)
(68067,)
(68068,)
(68069,)
(68070,)
(68071,)
(68075,)
(68076,)
(68080,)
(68081,)
(68082,)
(68083,)
(68084,)
(68088,)
(68090,)
(68091,)
(68097,)
(68098,)
(68106,)
(68107,)
(68108,)
(68110,)
(68113,)
(68114,)
(68118,)
(68121,)
(68122,)
(68124,)
(68126,)
(68127,)
(68133,)
(68135,)
(68136,)
(68137,)
(68138,)
(68141,)
(68142,)
(68148,)
(68149,)
(68152,)
(68153,)
(68154,)
(68155,)
(68156,)
(68159,)
(68160,)
(68162,)
(68163,)
(68164,)
(68166,)
(68167,)
(68168,)
(68169,)
(68170,)
(68171,)
(68173,)
(68175,)
(68176,)
(68177,)
(68181,)
(68188,)
(68189,)
(68191,)
(68192,)
(68194,)
(68195,)
(68199,)
(68200,)
(68202,)
(68203,)
(68204,)
(68205,)
(68206,)
(68210,)
(68215,)
(68216,)
(68217,)
(68218,)
(68221,)
(68224,)
(68225,)
(68230,)
(68231,)
(68232,)
(68233,)
(68234,)
(68240,)
(68241,)
(68243,)
(68245,)
(68246,)
(68247,)
(68250,)
(68254,)
(68260,)
(68261,)
(68269,)
(68270,)
(68271,)
(68272,)
(68274,)
(68275,)
(68276,)
(68278,)
(68279,)
(68281,)
(68282,)
(68284,)
(68287,)
(68290,)
(68293,)
(68295,)
(68296,)
(68300,)
(68302,)
(68303,)
(68306,)
(68307,)
(68308,)
(68312,)
(68313,)
(68315,)
(68318,)
(68319,)
(68326,)
(68328,)
(68329,)
(68330,)
(68331,)
(68335,)
(68336,)
(68337,)
(68339,)
(68342,)
(68345,)
(68350,)
(68352,)
(68356,)
(68357,)
(68359,)
(68360,)
(68361,)
(68363,)
(68364,)
(68367,)
(68368,)
(68374,)
(68375,)
(68377,)
(68378,)
(68379,)
(68380,)
(68382,)
(68386,)
(68387,)
(68389,)
(68391,)
(68392,)
(68393,)
(68394,)
(68395,)
(68397,)
(68400,)
(68404,)
(68405,)
(68406,)
(68410,)
(68413,)
(68414,)
(68415,)
(68416,)
(68421,)
(68422,)
(68424,)
(68430,)
(68432,)
(68433,)
(68435,)
(68436,)
(68437,)
(68438,)
(68439,)
(68440,)
(68441,)
(68442,)
(68443,)
(68445,)
(68446,)
(68447,)
(68448,)
(68450,)
(68456,)
(68457,)
(68459,)
(68461,)
(68463,)
(68465,)
(68466,)
(68467,)
(68469,)
(68470,)
(68472,)
(68473,)
(68474,)
(68476,)
(68477,)
(68478,)
(68479,)
(68480,)
(68483,)
(68485,)
(68489,)
(68492,)
(68493,)
(68494,)
(68495,)
(68499,)
(68500,)
(68501,)
(68502,)
(68505,)
(68508,)
(68509,)
(68511,)
(68512,)
(68513,)
(68516,)
(68518,)
(68519,)
(68521,)
(68524,)
(68527,)
(68529,)
(68530,)
(68536,)
(68539,)
(68544,)
(68545,)
(68546,)
(68549,)
(68550,)
(68552,)
(68558,)
(68560,)
(68561,)
(68567,)
(68568,)
(68570,)
(68572,)
(68577,)
(68581,)
(68582,)
(68586,)
(68589,)
(68590,)
(68592,)
(68593,)
(68594,)
(68595,)
(68601,)
(68603,)
(68604,)
(68606,)
(68607,)
(68609,)
(68610,)
(68611,)
(68612,)
(68613,)
(68615,)
(68619,)
(68622,)
(68623,)
(68624,)
(68625,)
(68627,)
(68629,)
(68632,)
(68633,)
(68634,)
(68635,)
(68637,)
(68641,)
(68643,)
(68644,)
(68646,)
(68648,)
(68651,)
(68652,)
(68656,)
(68659,)
(68661,)
(68663,)
(68664,)
(68667,)
(68668,)
(68670,)
(68672,)
(68673,)
(68674,)
(68675,)
(68676,)
(68677,)
(68678,)
(68679,)
(68680,)
(68681,)
(68685,)
(68686,)
(68689,)
(68692,)
(68693,)
(68694,)
(68697,)
(68700,)
(68703,)
(68704,)
(68705,)
(68706,)
(68707,)
(68708,)
(68710,)
(68713,)
(68714,)
(68715,)
(68717,)
(68719,)
(68721,)
(68723,)
(68726,)
(68730,)
(68732,)
(68733,)
(68735,)
(68736,)
(68737,)
(68738,)
(68740,)
(68741,)
(68742,)
(68744,)
(68747,)
(68750,)
(68752,)
(68755,)
(68756,)
(68761,)
(68766,)
(68767,)
(68768,)
(68770,)
(68772,)
(68773,)
(68774,)
(68776,)
(68780,)
(68781,)
(68783,)
(68784,)
(68785,)
(68789,)
(68790,)
(68793,)
(68794,)
(68795,)
(68804,)
(68805,)
(68806,)
(68810,)
(68811,)
(68813,)
(68814,)
(68816,)
(68820,)
(68821,)
(68822,)
(68823,)
(68829,)
(68832,)
(68833,)
(68834,)
(68837,)
(68838,)
(68840,)
(68842,)
(68848,)
(68849,)
(68850,)
(68851,)
(68856,)
(68860,)
(68861,)
(68863,)
(68864,)
(68865,)
(68868,)
(68870,)
(68874,)
(68876,)
(68878,)
(68882,)
(68883,)
(68884,)
(68887,)
(68889,)
(68891,)
(68896,)
(68898,)
(68901,)
(68903,)
(68905,)
(68907,)
(68908,)
(68912,)
(68914,)
(68916,)
(68917,)
(68918,)
(68919,)
(68920,)
(68921,)
(68924,)
(68925,)
(68926,)
(68928,)
(68929,)
(68930,)
(68931,)
(68937,)
(68938,)
(68939,)
(68941,)
(68942,)
(68945,)
(68949,)
(68950,)
(68952,)
(68954,)
(68955,)
(68957,)
(68958,)
(68962,)
(68964,)
(68968,)
(68969,)
(68970,)
(68975,)
(68976,)
(68980,)
(68981,)
(68982,)
(68983,)
(68984,)
(68985,)
(68987,)
(68990,)
(68991,)
(68992,)
(68993,)
(68994,)
(68995,)
(68996,)
(68998,)
(69001,)
(69002,)
(69005,)
(69007,)
(69008,)
(69009,)
(69010,)
(69012,)
(69013,)
(69017,)
(69020,)
(69022,)
(69023,)
(69026,)
(69031,)
(69033,)
(69034,)
(69036,)
(69038,)
(69040,)
(69041,)
(69042,)
(69044,)
(69047,)
(69050,)
(69052,)
(69053,)
(69058,)
(69059,)
(69060,)
(69062,)
(69064,)
(69065,)
(69068,)
(69071,)
(69072,)
(69073,)
(69078,)
(69080,)
(69081,)
(69082,)
(69088,)
(69089,)
(69090,)
(69092,)
(69093,)
(69094,)
(69095,)
(69096,)
(69098,)
(69103,)
(69106,)
(69108,)
(69109,)
(69113,)
(69116,)
(69120,)
(69122,)
(69123,)
(69124,)
(69129,)
(69130,)
(69131,)
(69132,)
(69133,)
(69134,)
(69135,)
(69142,)
(69143,)
(69144,)
(69145,)
(69146,)
(69149,)
(69150,)
(69152,)
(69153,)
(69154,)
(69155,)
(69156,)
(69158,)
(69159,)
(69160,)
(69162,)
(69163,)
(69165,)
(69166,)
(69167,)
(69170,)
(69171,)
(69172,)
(69174,)
(69177,)
(69178,)
(69180,)
(69183,)
(69184,)
(69185,)
(69186,)
(69187,)
(69188,)
(69189,)
(69192,)
(69194,)
(69196,)
(69197,)
(69198,)
(69199,)
(69203,)
(69206,)
(69207,)
(69211,)
(69212,)
(69213,)
(69214,)
(69215,)
(69216,)
(69217,)
(69220,)
(69223,)
(69224,)
(69225,)
(69226,)
(69227,)
(69228,)
(69229,)
(69232,)
(69233,)
(69237,)
(69238,)
(69239,)
(69241,)
(69242,)
(69243,)
(69245,)
(69246,)
(69247,)
(69248,)
(69249,)
(69252,)
(69253,)
(69255,)
(69256,)
(69259,)
(69260,)
(69262,)
(69263,)
(69265,)
(69269,)
(69270,)
(69272,)
(69273,)
(69274,)
(69280,)
(69282,)
(69283,)
(69284,)
(69286,)
(69287,)
(69289,)
(69292,)
(69293,)
(69294,)
(69296,)
(69298,)
(69299,)
(69301,)
(69303,)
(69304,)
(69309,)
(69310,)
(69312,)
(69315,)
(69316,)
(69318,)
(69322,)
(69323,)
(69325,)
(69327,)
(69329,)
(69331,)
(69332,)
(69333,)
(69334,)
(69335,)
(69337,)
(69339,)
(69345,)
(69347,)
(69351,)
(69352,)
(69353,)
(69354,)
(69358,)
(69359,)
(69364,)
(69365,)
(69366,)
(69367,)
(69368,)
(69369,)
(69371,)
(69375,)
(69379,)
(69380,)
(69381,)
(69382,)
(69383,)
(69384,)
(69385,)
(69387,)
(69388,)
(69389,)
(69390,)
(69391,)
(69392,)
(69393,)
(69395,)
(69396,)
(69397,)
(69398,)
(69399,)
(69400,)
(69401,)
(69404,)
(69409,)
(69414,)
(69417,)
(69418,)
(69420,)
(69421,)
(69423,)
(69425,)
(69426,)
(69429,)
(69431,)
(69432,)
(69433,)
(69435,)
(69437,)
(69441,)
(69442,)
(69444,)
(69445,)
(69446,)
(69447,)
(69448,)
(69452,)
(69454,)
(69456,)
(69458,)
(69461,)
(69465,)
(69466,)
(69467,)
(69468,)
(69469,)
(69472,)
(69475,)
(69476,)
(69477,)
(69479,)
(69480,)
(69485,)
(69487,)
(69488,)
(69493,)
(69494,)
(69498,)
(69499,)
(69501,)
(69502,)
(69503,)
(69505,)
(69506,)
(69507,)
(69508,)
(69509,)
(69510,)
(69512,)
(69518,)
(69520,)
(69522,)
(69524,)
(69527,)
(69529,)
(69531,)
(69532,)
(69533,)
(69534,)
(69535,)
(69539,)
(69541,)
(69542,)
(69543,)
(69544,)
(69545,)
(69546,)
(69548,)
(69549,)
(69551,)
(69552,)
(69553,)
(69556,)
(69560,)
(69563,)
(69564,)
(69565,)
(69567,)
(69568,)
(69570,)
(69577,)
(69578,)
(69579,)
(69584,)
(69587,)
(69588,)
(69589,)
(69590,)
(69591,)
(69596,)
(69597,)
(69599,)
(69600,)
(69605,)
(69606,)
(69609,)
(69611,)
(69612,)
(69614,)
(69615,)
(69616,)
(69620,)
(69621,)
(69623,)
(69624,)
(69626,)
(69628,)
(69630,)
(69636,)
(69638,)
(69639,)
(69640,)
(69642,)
(69643,)
(69644,)
(69645,)
(69646,)
(69649,)
(69650,)
(69651,)
(69653,)
(69659,)
(69660,)
(69661,)
(69662,)
(69663,)
(69664,)
(69665,)
(69666,)
(69668,)
(69670,)
(69673,)
(69674,)
(69675,)
(69680,)
(69682,)
(69686,)
(69688,)
(69689,)
(69692,)
(69695,)
(69700,)
(69703,)
(69706,)
(69707,)
(69708,)
(69712,)
(69715,)
(69716,)
(69717,)
(69719,)
(69722,)
(69723,)
(69724,)
(69726,)
(69727,)
(69728,)
(69730,)
(69731,)
(69732,)
(69734,)
(69740,)
(69741,)
(69742,)
(69744,)
(69747,)
(69749,)
(69750,)
(69752,)
(69753,)
(69754,)
(69758,)
(69760,)
(69761,)
(69762,)
(69763,)
(69765,)
(69767,)
(69769,)
(69770,)
(69771,)
(69774,)
(69776,)
(69777,)
(69778,)
(69785,)
(69787,)
(69789,)
(69790,)
(69791,)
(69794,)
(69795,)
(69797,)
(69798,)
(69804,)
(69805,)
(69806,)
(69808,)
(69809,)
(69810,)
(69813,)
(69814,)
(69815,)
(69818,)
(69821,)
(69822,)
(69823,)
(69824,)
(69826,)
(69827,)
(69828,)
(69832,)
(69834,)
(69835,)
(69837,)
(69840,)
(69841,)
(69843,)
(69845,)
(69846,)
(69847,)
(69850,)
(69851,)
(69853,)
(69854,)
(69856,)
(69858,)
(69859,)
(69861,)
(69862,)
(69864,)
(69867,)
(69868,)
(69875,)
(69877,)
(69879,)
(69880,)
(69882,)
(69883,)
(69884,)
(69885,)
(69886,)
(69888,)
(69889,)
(69892,)
(69895,)
(69898,)
(69899,)
(69902,)
(69904,)
(69905,)
(69906,)
(69907,)
(69912,)
(69913,)
(69916,)
(69917,)
(69919,)
(69924,)
(69926,)
(69927,)
(69928,)
(69929,)
(69931,)
(69934,)
(69936,)
(69940,)
(69941,)
(69942,)
(69944,)
(69946,)
(69949,)
(69950,)
(69955,)
(69956,)
(69957,)
(69959,)
(69961,)
(69962,)
(69963,)
(69964,)
(69967,)
(69968,)
(69969,)
(69970,)
(69971,)
(69972,)
(69975,)
(69976,)
(69978,)
(69979,)
(69983,)
(69984,)
(69988,)
(69990,)
(69992,)
(69993,)
(69996,)
(69998,)
(69999,)
(70001,)
(70005,)
(70006,)
(70007,)
(70009,)
(70010,)
(70013,)
(70020,)
(70021,)
(70025,)
(70026,)
(70030,)
(70031,)
(70035,)
(70036,)
(70037,)
(70040,)
(70043,)
(70044,)
(70052,)
(70053,)
(70055,)
(70056,)
(70057,)
(70059,)
(70062,)
(70069,)
(70073,)
(70074,)
(70075,)
(70076,)
(70077,)
(70080,)
(70082,)
(70083,)
(70085,)
(70086,)
(70090,)
(70095,)
(70096,)
(70098,)
(70099,)
(70104,)
(70105,)
(70106,)
(70112,)
(70113,)
(70114,)
(70115,)
(70116,)
(70121,)
(70122,)
(70123,)
(70124,)
(70125,)
(70126,)
(70128,)
(70130,)
(70132,)
(70133,)
(70134,)
(70135,)
(70146,)
(70150,)
(70154,)
(70156,)
(70159,)
(70160,)
(70163,)
(70164,)
(70167,)
(70170,)
(70173,)
(70174,)
(70178,)
(70179,)
(70180,)
(70182,)
(70183,)
(70186,)
(70188,)
(70189,)
(70194,)
(70195,)
(70199,)
(70200,)
(70202,)
(70203,)
(70204,)
(70205,)
(70206,)
(70207,)
(70210,)
(70212,)
(70213,)
(70216,)
(70217,)
(70221,)
(70222,)
(70224,)
(70225,)
(70227,)
(70228,)
(70229,)
(70230,)
(70231,)
(70232,)
(70233,)
(70235,)
(70236,)
(70238,)
(70240,)
(70242,)
(70243,)
(70244,)
(70245,)
(70247,)
(70248,)
(70249,)
(70250,)
(70252,)
(70253,)
(70255,)
(70257,)
(70258,)
(70261,)
(70262,)
(70263,)
(70264,)
(70265,)
(70266,)
(70268,)
(70271,)
(70273,)
(70274,)
(70276,)
(70279,)
(70281,)
(70282,)
(70284,)
(70285,)
(70286,)
(70291,)
(70292,)
(70293,)
(70294,)
(70298,)
(70299,)
(70301,)
(70302,)
(70303,)
(70304,)
(70305,)
(70306,)
(70307,)
(70308,)
(70310,)
(70311,)
(70313,)
(70314,)
(70316,)
(70318,)
(70319,)
(70320,)
(70321,)
(70322,)
(70327,)
(70333,)
(70335,)
(70337,)
(70340,)
(70341,)
(70342,)
(70343,)
(70344,)
(70345,)
(70346,)
(70348,)
(70349,)
(70350,)
(70352,)
(70353,)
(70354,)
(70356,)
(70359,)
(70361,)
(70365,)
(70366,)
(70367,)
(70371,)
(70373,)
(70375,)
(70376,)
(70378,)
(70381,)
(70382,)
(70384,)
(70387,)
(70391,)
(70394,)
(70395,)
(70397,)
(70398,)
(70399,)
(70405,)
(70408,)
(70410,)
(70412,)
(70414,)
(70416,)
(70419,)
(70420,)
(70421,)
(70423,)
(70424,)
(70426,)
(70430,)
(70431,)
(70436,)
(70437,)
(70440,)
(70441,)
(70442,)
(70445,)
(70447,)
(70448,)
(70451,)
(70452,)
(70454,)
(70455,)
(70457,)
(70458,)
(70460,)
(70461,)
(70464,)
(70465,)
(70467,)
(70469,)
(70470,)
(70473,)
(70475,)
(70476,)
(70477,)
(70479,)
(70480,)
(70485,)
(70487,)
(70489,)
(70491,)
(70494,)
(70495,)
(70496,)
(70497,)
(70501,)
(70503,)
(70504,)
(70505,)
(70506,)
(70509,)
(70511,)
(70512,)
(70513,)
(70514,)
(70517,)
(70518,)
(70520,)
(70522,)
(70523,)
(70524,)
(70525,)
(70527,)
(70528,)
(70531,)
(70532,)
(70533,)
(70534,)
(70535,)
(70537,)
(70539,)
(70540,)
(70542,)
(70543,)
(70544,)
(70545,)
(70548,)
(70550,)
(70554,)
(70555,)
(70556,)
(70561,)
(70562,)
(70563,)
(70570,)
(70575,)
(70577,)
(70578,)
(70580,)
(70585,)
(70587,)
(70589,)
(70590,)
(70592,)
(70596,)
(70597,)
(70598,)
(70601,)
(70605,)
(70606,)
(70607,)
(70609,)
(70610,)
(70611,)
(70612,)
(70614,)
(70616,)
(70620,)
(70622,)
(70623,)
(70625,)
(70626,)
(70627,)
(70630,)
(70631,)
(70632,)
(70637,)
(70638,)
(70641,)
(70642,)
(70643,)
(70644,)
(70645,)
(70647,)
(70650,)
(70652,)
(70654,)
(70655,)
(70656,)
(70658,)
(70660,)
(70663,)
(70664,)
(70667,)
(70672,)
(70673,)
(70674,)
(70675,)
(70676,)
(70679,)
(70681,)
(70682,)
(70683,)
(70684,)
(70689,)
(70690,)
(70692,)
(70695,)
(70696,)
(70697,)
(70699,)
(70701,)
(70702,)
(70704,)
(70705,)
(70707,)
(70708,)
(70710,)
(70711,)
(70715,)
(70716,)
(70719,)
(70722,)
(70724,)
(70725,)
(70726,)
(70728,)
(70732,)
(70734,)
(70735,)
(70738,)
(70741,)
(70750,)
(70751,)
(70752,)
(70756,)
(70757,)
(70758,)
(70760,)
(70763,)
(70767,)
(70770,)
(70772,)
(70773,)
(70774,)
(70776,)
(70778,)
(70780,)
(70781,)
(70782,)
(70786,)
(70787,)
(70789,)
(70792,)
(70795,)
(70796,)
(70798,)
(70800,)
(70802,)
(70803,)
(70804,)
(70805,)
(70809,)
(70811,)
(70813,)
(70814,)
(70815,)
(70816,)
(70817,)
(70821,)
(70822,)
(70824,)
(70826,)
(70827,)
(70828,)
(70829,)
(70831,)
(70832,)
(70833,)
(70837,)
(70838,)
(70839,)
(70843,)
(70844,)
(70848,)
(70850,)
(70851,)
(70859,)
(70861,)
(70862,)
(70864,)
(70870,)
(70872,)
(70876,)
(70877,)
(70879,)
(70880,)
(70882,)
(70883,)
(70887,)
(70888,)
(70890,)
(70891,)
(70894,)
(70897,)
(70898,)
(70899,)
(70900,)
(70903,)
(70904,)
(70906,)
(70907,)
(70908,)
(70909,)
(70910,)
(70912,)
(70913,)
(70916,)
(70917,)
(70918,)
(70920,)
(70923,)
(70929,)
(70931,)
(70933,)
(70935,)
(70936,)
(70938,)
(70940,)
(70944,)
(70948,)
(70951,)
(70953,)
(70954,)
(70955,)
(70958,)
(70960,)
(70961,)
(70963,)
(70964,)
(70968,)
(70973,)
(70974,)
(70976,)
(70980,)
(70981,)
(70987,)
(70988,)
(70990,)
(70991,)
(70992,)
(70996,)
(70998,)
(70999,)
(71000,)
(71001,)
(71002,)
(71005,)
(71006,)
(71008,)
(71011,)
(71012,)
(71014,)
(71017,)
(71019,)
(71021,)
(71024,)
(71025,)
(71026,)
(71029,)
(71030,)
(71031,)
(71032,)
(71035,)
(71039,)
(71040,)
(71041,)
(71042,)
(71043,)
(71047,)
(71048,)
(71050,)
(71052,)
(71053,)
(71054,)
(71055,)
(71056,)
(71057,)
(71058,)
(71059,)
(71060,)
(71061,)
(71064,)
(71065,)
(71067,)
(71068,)
(71069,)
(71073,)
(71077,)
(71081,)
(71082,)
(71083,)
(71086,)
(71087,)
(71089,)
(71091,)
(71093,)
(71094,)
(71095,)
(71096,)
(71098,)
(71099,)
(71101,)
(71102,)
(71104,)
(71105,)
(71107,)
(71108,)
(71110,)
(71112,)
(71113,)
(71118,)
(71119,)
(71121,)
(71126,)
(71129,)
(71130,)
(71131,)
(71132,)
(71135,)
(71138,)
(71139,)
(71141,)
(71143,)
(71144,)
(71145,)
(71146,)
(71149,)
(71151,)
(71153,)
(71160,)
(71162,)
(71163,)
(71164,)
(71168,)
(71169,)
(71173,)
(71174,)
(71175,)
(71176,)
(71177,)
(71179,)
(71180,)
(71181,)
(71182,)
(71184,)
(71186,)
(71187,)
(71190,)
(71192,)
(71193,)
(71196,)
(71199,)
(71201,)
(71202,)
(71204,)
(71207,)
(71210,)
(71215,)
(71216,)
(71217,)
(71218,)
(71219,)
(71220,)
(71224,)
(71229,)
(71230,)
(71235,)
(71239,)
(71240,)
(71242,)
(71245,)
(71247,)
(71249,)
(71255,)
(71256,)
(71257,)
(71259,)
(71260,)
(71261,)
(71262,)
(71264,)
(71268,)
(71271,)
(71272,)
(71274,)
(71275,)
(71276,)
(71278,)
(71279,)
(71280,)
(71287,)
(71290,)
(71293,)
(71294,)
(71297,)
(71298,)
(71299,)
(71302,)
(71303,)
(71306,)
(71312,)
(71319,)
(71320,)
(71321,)
(71323,)
(71326,)
(71328,)
(71330,)
(71333,)
(71334,)
(71335,)
(71336,)
(71339,)
(71340,)
(71341,)
(71342,)
(71343,)
(71345,)
(71348,)
(71349,)
(71350,)
(71351,)
(71352,)
(71353,)
(71354,)
(71356,)
(71358,)
(71362,)
(71365,)
(71366,)
(71367,)
(71372,)
(71375,)
(71376,)
(71377,)
(71378,)
(71379,)
(71380,)
(71382,)
(71383,)
(71384,)
(71387,)
(71388,)
(71389,)
(71391,)
(71392,)
(71397,)
(71399,)
(71401,)
(71404,)
(71405,)
(71406,)
(71407,)
(71409,)
(71410,)
(71411,)
(71412,)
(71414,)
(71416,)
(71417,)
(71419,)
(71420,)
(71421,)
(71423,)
(71424,)
(71425,)
(71426,)
(71427,)
(71428,)
(71433,)
(71434,)
(71437,)
(71438,)
(71439,)
(71440,)
(71441,)
(71442,)
(71443,)
(71444,)
(71445,)
(71446,)
(71449,)
(71450,)
(71454,)
(71455,)
(71456,)
(71458,)
(71461,)
(71462,)
(71463,)
(71464,)
(71469,)
(71470,)
(71471,)
(71472,)
(71474,)
(71478,)
(71479,)
(71483,)
(71484,)
(71485,)
(71486,)
(71488,)
(71491,)
(71492,)
(71493,)
(71496,)
(71500,)
(71501,)
(71506,)
(71509,)
(71511,)
(71512,)
(71515,)
(71516,)
(71520,)
(71521,)
(71523,)
(71527,)
(71529,)
(71532,)
(71533,)
(71534,)
(71535,)
(71536,)
(71537,)
(71538,)
(71539,)
(71541,)
(71543,)
(71544,)
(71545,)
(71548,)
(71554,)
(71557,)
(71562,)
(71563,)
(71564,)
(71569,)
(71571,)
(71572,)
(71573,)
(71574,)
(71575,)
(71578,)
(71580,)
(71582,)
(71583,)
(71585,)
(71587,)
(71589,)
(71590,)
(71592,)
(71601,)
(71604,)
(71605,)
(71606,)
(71608,)
(71612,)
(71613,)
(71616,)
(71619,)
(71620,)
(71621,)
(71623,)
(71624,)
(71625,)
(71626,)
(71627,)
(71628,)
(71630,)
(71631,)
(71633,)
(71634,)
(71635,)
(71636,)
(71638,)
(71639,)
(71642,)
(71643,)
(71646,)
(71648,)
(71650,)
(71651,)
(71652,)
(71656,)
(71658,)
(71659,)
(71660,)
(71661,)
(71662,)
(71664,)
(71665,)
(71667,)
(71670,)
(71671,)
(71672,)
(71674,)
(71675,)
(71678,)
(71680,)
(71682,)
(71684,)
(71686,)
(71688,)
(71690,)
(71691,)
(71693,)
(71694,)
(71695,)
(71697,)
(71698,)
(71701,)
(71704,)
(71706,)
(71707,)
(71708,)
(71722,)
(71723,)
(71725,)
(71726,)
(71728,)
(71729,)
(71732,)
(71736,)
(71737,)
(71739,)
(71740,)
(71741,)
(71746,)
(71747,)
(71750,)
(71751,)
(71753,)
(71755,)
(71756,)
(71758,)
(71760,)
(71761,)
(71762,)
(71763,)
(71764,)
(71768,)
(71770,)
(71774,)
(71776,)
(71778,)
(71779,)
(71781,)
(71782,)
(71783,)
(71788,)
(71790,)
(71791,)
(71792,)
(71793,)
(71794,)
(71796,)
(71797,)
(71798,)
(71801,)
(71803,)
(71805,)
(71806,)
(71807,)
(71808,)
(71809,)
(71810,)
(71814,)
(71816,)
(71817,)
(71818,)
(71823,)
(71824,)
(71825,)
(71826,)
(71829,)
(71832,)
(71835,)
(71836,)
(71838,)
(71840,)
(71842,)
(71844,)
(71846,)
(71854,)
(71855,)
(71856,)
(71860,)
(71861,)
(71862,)
(71864,)
(71867,)
(71868,)
(71869,)
(71872,)
(71874,)
(71878,)
(71881,)
(71884,)
(71885,)
(71887,)
(71888,)
(71889,)
(71890,)
(71891,)
(71892,)
(71896,)
(71897,)
(71898,)
(71900,)
(71901,)
(71902,)
(71903,)
(71905,)
(71907,)
(71908,)
(71909,)
(71910,)
(71912,)
(71913,)
(71917,)
(71918,)
(71920,)
(71922,)
(71924,)
(71927,)
(71931,)
(71932,)
(71934,)
(71936,)
(71938,)
(71939,)
(71941,)
(71943,)
(71944,)
(71947,)
(71949,)
(71953,)
(71954,)
(71955,)
(71956,)
(71957,)
(71958,)
(71960,)
(71962,)
(71964,)
(71966,)
(71968,)
(71970,)
(71974,)
(71978,)
(71980,)
(71983,)
(71984,)
(71985,)
(71986,)
(71987,)
(71989,)
(71990,)
(71994,)
(71996,)
(71997,)
(71998,)
(72000,)
(72002,)
(72004,)
(72005,)
(72007,)
(72008,)
(72011,)
(72012,)
(72013,)
(72015,)
(72016,)
(72017,)
(72020,)
(72021,)
(72027,)
(72028,)
(72029,)
(72030,)
(72033,)
(72034,)
(72035,)
(72036,)
(72037,)
(72042,)
(72043,)
(72047,)
(72051,)
(72052,)
(72053,)
(72054,)
(72055,)
(72056,)
(72057,)
(72059,)
(72060,)
(72064,)
(72066,)
(72067,)
(72068,)
(72071,)
(72072,)
(72074,)
(72076,)
(72081,)
(72082,)
(72087,)
(72088,)
(72090,)
(72091,)
(72092,)
(72097,)
(72103,)
(72108,)
(72109,)
(72112,)
(72115,)
(72116,)
(72117,)
(72118,)
(72119,)
(72121,)
(72127,)
(72128,)
(72131,)
(72132,)
(72133,)
(72134,)
(72135,)
(72139,)
(72140,)
(72144,)
(72145,)
(72146,)
(72148,)
(72149,)
(72151,)
(72153,)
(72154,)
(72157,)
(72160,)
(72161,)
(72162,)
(72163,)
(72169,)
(72170,)
(72171,)
(72172,)
(72173,)
(72174,)
(72179,)
(72182,)
(72184,)
(72185,)
(72190,)
(72191,)
(72194,)
(72197,)
(72199,)
(72200,)
(72201,)
(72202,)
(72203,)
(72205,)
(72206,)
(72213,)
(72214,)
(72215,)
(72218,)
(72222,)
(72223,)
(72228,)
(72229,)
(72230,)
(72231,)
(72232,)
(72233,)
(72235,)
(72236,)
(72238,)
(72239,)
(72242,)
(72243,)
(72244,)
(72246,)
(72248,)
(72249,)
(72250,)
(72252,)
(72256,)
(72259,)
(72261,)
(72266,)
(72270,)
(72271,)
(72272,)
(72275,)
(72276,)
(72277,)
(72278,)
(72279,)
(72280,)
(72282,)
(72284,)
(72287,)
(72289,)
(72295,)
(72296,)
(72298,)
(72299,)
(72300,)
(72307,)
(72309,)
(72311,)
(72312,)
(72317,)
(72320,)
(72322,)
(72326,)
(72327,)
(72329,)
(72331,)
(72333,)
(72337,)
(72339,)
(72342,)
(72345,)
(72347,)
(72349,)
(72353,)
(72355,)
(72356,)
(72357,)
(72359,)
(72360,)
(72361,)
(72363,)
(72364,)
(72365,)
(72366,)
(72368,)
(72369,)
(72370,)
(72372,)
(72378,)
(72379,)
(72381,)
(72382,)
(72386,)
(72394,)
(72398,)
(72403,)
(72405,)
(72406,)
(72408,)
(72410,)
(72416,)
(72417,)
(72420,)
(72425,)
(72428,)
(72429,)
(72431,)
(72432,)
(72434,)
(72435,)
(72436,)
(72439,)
(72440,)
(72441,)
(72443,)
(72444,)
(72445,)
(72451,)
(72452,)
(72453,)
(72455,)
(72456,)
(72457,)
(72459,)
(72462,)
(72463,)
(72464,)
(72466,)
(72467,)
(72468,)
(72469,)
(72470,)
(72472,)
(72473,)
(72475,)
(72477,)
(72479,)
(72482,)
(72483,)
(72488,)
(72489,)
(72491,)
(72492,)
(72493,)
(72495,)
(72496,)
(72498,)
(72499,)
(72506,)
(72508,)
(72509,)
(72512,)
(72513,)
(72515,)
(72516,)
(72517,)
(72518,)
(72519,)
(72520,)
(72522,)
(72523,)
(72524,)
(72525,)
(72526,)
(72529,)
(72530,)
(72532,)
(72533,)
(72534,)
(72535,)
(72536,)
(72539,)
(72548,)
(72549,)
(72551,)
(72554,)
(72560,)
(72561,)
(72562,)
(72564,)
(72572,)
(72574,)
(72575,)
(72577,)
(72580,)
(72581,)
(72586,)
(72587,)
(72588,)
(72589,)
(72591,)
(72593,)
(72595,)
(72597,)
(72598,)
(72600,)
(72602,)
(72606,)
(72607,)
(72608,)
(72612,)
(72616,)
(72618,)
(72619,)
(72620,)
(72622,)
(72623,)
(72625,)
(72627,)
(72628,)
(72629,)
(72631,)
(72633,)
(72635,)
(72638,)
(72640,)
(72641,)
(72644,)
(72645,)
(72647,)
(72648,)
(72649,)
(72653,)
(72654,)
(72657,)
(72658,)
(72659,)
(72661,)
(72663,)
(72667,)
(72669,)
(72670,)
(72673,)
(72675,)
(72681,)
(72684,)
(72685,)
(72687,)
(72688,)
(72690,)
(72691,)
(72692,)
(72693,)
(72694,)
(72695,)
(72696,)
(72698,)
(72699,)
(72702,)
(72705,)
(72710,)
(72711,)
(72712,)
(72715,)
(72716,)
(72719,)
(72720,)
(72721,)
(72725,)
(72731,)
(72734,)
(72735,)
(72736,)
(72737,)
(72739,)
(72740,)
(72743,)
(72745,)
(72748,)
(72749,)
(72751,)
(72752,)
(72753,)
(72754,)
(72755,)
(72756,)
(72759,)
(72760,)
(72761,)
(72762,)
(72764,)
(72766,)
(72770,)
(72773,)
(72774,)
(72777,)
(72779,)
(72780,)
(72781,)
(72784,)
(72786,)
(72787,)
(72788,)
(72789,)
(72791,)
(72792,)
(72794,)
(72796,)
(72799,)
(72800,)
(72801,)
(72803,)
(72804,)
(72805,)
(72806,)
(72807,)
(72812,)
(72814,)
(72815,)
(72818,)
(72819,)
(72820,)
(72824,)
(72828,)
(72830,)
(72832,)
(72833,)
(72834,)
(72836,)
(72838,)
(72840,)
(72842,)
(72844,)
(72845,)
(72846,)
(72848,)
(72849,)
(72850,)
(72851,)
(72852,)
(72853,)
(72854,)
(72855,)
(72858,)
(72859,)
(72860,)
(72861,)
(72863,)
(72865,)
(72866,)
(72868,)
(72870,)
(72871,)
(72872,)
(72873,)
(72878,)
(72879,)
(72881,)
(72882,)
(72884,)
(72889,)
(72891,)
(72893,)
(72894,)
(72897,)
(72903,)
(72904,)
(72905,)
(72906,)
(72908,)
(72909,)
(72912,)
(72913,)
(72915,)
(72916,)
(72917,)
(72927,)
(72928,)
(72931,)
(72933,)
(72934,)
(72935,)
(72936,)
(72937,)
(72938,)
(72939,)
(72940,)
(72942,)
(72945,)
(72946,)
(72950,)
(72952,)
(72953,)
(72954,)
(72955,)
(72957,)
(72961,)
(72966,)
(72967,)
(72968,)
(72970,)
(72971,)
(72973,)
(72974,)
(72976,)
(72977,)
(72978,)
(72981,)
(72984,)
(72986,)
(72987,)
(72992,)
(72994,)
(72995,)
(72997,)
(73000,)
(73001,)
(73005,)
(73006,)
(73008,)
(73009,)
(73011,)
(73014,)
(73016,)
(73018,)
(73019,)
(73020,)
(73021,)
(73022,)
(73026,)
(73028,)
(73037,)
(73038,)
(73039,)
(73040,)
(73041,)
(73042,)
(73044,)
(73046,)
(73047,)
(73049,)
(73051,)
(73053,)
(73057,)
(73058,)
(73060,)
(73061,)
(73065,)
(73066,)
(73067,)
(73068,)
(73069,)
(73073,)
(73081,)
(73082,)
(73085,)
(73087,)
(73091,)
(73093,)
(73094,)
(73095,)
(73096,)
(73097,)
(73098,)
(73101,)
(73103,)
(73104,)
(73106,)
(73111,)
(73112,)
(73113,)
(73114,)
(73116,)
(73117,)
(73120,)
(73122,)
(73125,)
(73128,)
(73132,)
(73133,)
(73134,)
(73136,)
(73138,)
(73142,)
(73148,)
(73151,)
(73155,)
(73156,)
(73158,)
(73160,)
(73165,)
(73167,)
(73168,)
(73170,)
(73173,)
(73174,)
(73177,)
(73178,)
(73180,)
(73182,)
(73183,)
(73193,)
(73195,)
(73197,)
(73198,)
(73200,)
(73201,)
(73204,)
(73208,)
(73209,)
(73211,)
(73212,)
(73215,)
(73218,)
(73220,)
(73221,)
(73222,)
(73223,)
(73224,)
(73226,)
(73229,)
(73230,)
(73233,)
(73234,)
(73239,)
(73242,)
(73246,)
(73250,)
(73254,)
(73255,)
(73258,)
(73260,)
(73262,)
(73263,)
(73264,)
(73265,)
(73266,)
(73267,)
(73268,)
(73271,)
(73273,)
(73275,)
(73276,)
(73277,)
(73278,)
(73281,)
(73283,)
(73284,)
(73286,)
(73288,)
(73291,)
(73292,)
(73293,)
(73294,)
(73295,)
(73296,)
(73298,)
(73299,)
(73300,)
(73301,)
(73302,)
(73303,)
(73304,)
(73305,)
(73306,)
(73307,)
(73308,)
(73309,)
(73310,)
(73313,)
(73315,)
(73318,)
(73319,)
(73320,)
(73321,)
(73322,)
(73323,)
(73324,)
(73325,)
(73327,)
(73329,)
(73332,)
(73338,)
(73339,)
(73341,)
(73344,)
(73347,)
(73349,)
(73352,)
(73353,)
(73357,)
(73358,)
(73359,)
(73360,)
(73362,)
(73363,)
(73367,)
(73368,)
(73372,)
(73374,)
(73375,)
(73378,)
(73379,)
(73380,)
(73381,)
(73382,)
(73386,)
(73387,)
(73388,)
(73390,)
(73393,)
(73398,)
(73403,)
(73404,)
(73406,)
(73407,)
(73409,)
(73412,)
(73413,)
(73416,)
(73417,)
(73418,)
(73422,)
(73423,)
(73424,)
(73425,)
(73430,)
(73431,)
(73432,)
(73435,)
(73436,)
(73437,)
(73438,)
(73442,)
(73444,)
(73446,)
(73452,)
(73453,)
(73454,)
(73456,)
(73457,)
(73458,)
(73459,)
(73462,)
(73463,)
(73464,)
(73466,)
(73469,)
(73470,)
(73472,)
(73474,)
(73475,)
(73476,)
(73480,)
(73482,)
(73483,)
(73485,)
(73489,)
(73491,)
(73492,)
(73494,)
(73495,)
(73496,)
(73498,)
(73499,)
(73501,)
(73503,)
(73507,)
(73512,)
(73513,)
(73515,)
(73518,)
(73520,)
(73521,)
(73523,)
(73524,)
(73530,)
(73531,)
(73533,)
(73534,)
(73537,)
(73538,)
(73539,)
(73541,)
(73546,)
(73548,)
(73549,)
(73556,)
(73557,)
(73558,)
(73559,)
(73562,)
(73563,)
(73564,)
(73567,)
(73569,)
(73570,)
(73571,)
(73574,)
(73576,)
(73577,)
(73578,)
(73579,)
(73580,)
(73581,)
(73583,)
(73584,)
(73586,)
(73590,)
(73591,)
(73592,)
(73593,)
(73594,)
(73596,)
(73597,)
(73599,)
(73600,)
(73601,)
(73605,)
(73606,)
(73610,)
(73611,)
(73613,)
(73621,)
(73622,)
(73624,)
(73625,)
(73627,)
(73628,)
(73629,)
(73631,)
(73632,)
(73633,)
(73635,)
(73636,)
(73637,)
(73639,)
(73640,)
(73642,)
(73643,)
(73645,)
(73647,)
(73649,)
(73650,)
(73656,)
(73662,)
(73664,)
(73665,)
(73666,)
(73667,)
(73668,)
(73670,)
(73671,)
(73672,)
(73673,)
(73678,)
(73679,)
(73686,)
(73689,)
(73691,)
(73692,)
(73700,)
(73701,)
(73702,)
(73709,)
(73712,)
(73714,)
(73715,)
(73716,)
(73719,)
(73721,)
(73722,)
(73725,)
(73726,)
(73730,)
(73731,)
(73732,)
(73734,)
(73735,)
(73739,)
(73740,)
(73741,)
(73744,)
(73746,)
(73748,)
(73750,)
(73751,)
(73752,)
(73753,)
(73757,)
(73758,)
(73759,)
(73760,)
(73761,)
(73763,)
(73764,)
(73765,)
(73766,)
(73767,)
(73768,)
(73769,)
(73771,)
(73772,)
(73774,)
(73775,)
(73777,)
(73779,)
(73781,)
(73782,)
(73783,)
(73784,)
(73787,)
(73788,)
(73789,)
(73791,)
(73792,)
(73793,)
(73799,)
(73807,)
(73808,)
(73810,)
(73811,)
(73814,)
(73815,)
(73821,)
(73822,)
(73824,)
(73829,)
(73832,)
(73835,)
(73836,)
(73837,)
(73838,)
(73840,)
(73847,)
(73848,)
(73852,)
(73854,)
(73856,)
(73859,)
(73862,)
(73863,)
(73864,)
(73865,)
(73868,)
(73869,)
(73876,)
(73877,)
(73878,)
(73879,)
(73882,)
(73885,)
(73888,)
(73889,)
(73890,)
(73891,)
(73892,)
(73893,)
(73896,)
(73899,)
(73903,)
(73905,)
(73908,)
(73910,)
(73913,)
(73915,)
(73916,)
(73917,)
(73918,)
(73919,)
(73920,)
(73921,)
(73922,)
(73924,)
(73926,)
(73929,)
(73930,)
(73932,)
(73933,)
(73936,)
(73937,)
(73938,)
(73939,)
(73940,)
(73941,)
(73945,)
(73946,)
(73947,)
(73948,)
(73952,)
(73953,)
(73954,)
(73956,)
(73959,)
(73960,)
(73961,)
(73964,)
(73968,)
(73973,)
(73974,)
(73975,)
(73976,)
(73981,)
(73984,)
(73985,)
(73987,)
(73988,)
(73989,)
(73990,)
(73993,)
(73994,)
(73996,)
(73997,)
(73998,)
(73999,)
(74000,)
(74001,)
(74002,)
(74004,)
(74009,)
(74013,)
(74015,)
(74016,)
(74017,)
(74020,)
(74021,)
(74024,)
(74028,)
(74029,)
(74030,)
(74031,)
(74036,)
(74040,)
(74042,)
(74043,)
(74044,)
(74045,)
(74047,)
(74048,)
(74049,)
(74053,)
(74054,)
(74055,)
(74057,)
(74058,)
(74061,)
(74064,)
(74074,)
(74078,)
(74079,)
(74081,)
(74083,)
(74090,)
(74091,)
(74092,)
(74097,)
(74100,)
(74102,)
(74103,)
(74104,)
(74107,)
(74108,)
(74114,)
(74118,)
(74119,)
(74121,)
(74125,)
(74128,)
(74131,)
(74132,)
(74134,)
(74135,)
(74136,)
(74137,)
(74142,)
(74144,)
(74147,)
(74149,)
(74151,)
(74152,)
(74153,)
(74154,)
(74155,)
(74156,)
(74157,)
(74158,)
(74159,)
(74160,)
(74162,)
(74163,)
(74165,)
(74166,)
(74171,)
(74175,)
(74176,)
(74178,)
(74179,)
(74180,)
(74181,)
(74185,)
(74190,)
(74193,)
(74195,)
(74197,)
(74201,)
(74203,)
(74204,)
(74205,)
(74208,)
(74210,)
(74211,)
(74213,)
(74214,)
(74219,)
(74220,)
(74221,)
(74223,)
(74224,)
(74225,)
(74226,)
(74228,)
(74230,)
(74231,)
(74233,)
(74234,)
(74237,)
(74241,)
(74243,)
(74245,)
(74247,)
(74254,)
(74255,)
(74258,)
(74259,)
(74260,)
(74261,)
(74262,)
(74266,)
(74267,)
(74268,)
(74269,)
(74271,)
(74273,)
(74276,)
(74278,)
(74280,)
(74282,)
(74283,)
(74285,)
(74287,)
(74288,)
(74290,)
(74291,)
(74296,)
(74299,)
(74301,)
(74303,)
(74306,)
(74307,)
(74308,)
(74312,)
(74314,)
(74315,)
(74317,)
(74319,)
(74322,)
(74323,)
(74326,)
(74327,)
(74328,)
(74329,)
(74330,)
(74331,)
(74333,)
(74334,)
(74335,)
(74340,)
(74343,)
(74344,)
(74345,)
(74346,)
(74348,)
(74349,)
(74353,)
(74356,)
(74357,)
(74359,)
(74362,)
(74367,)
(74369,)
(74370,)
(74374,)
(74375,)
(74382,)
(74383,)
(74385,)
(74386,)
(74388,)
(74389,)
(74390,)
(74391,)
(74393,)
(74394,)
(74400,)
(74401,)
(74408,)
(74410,)
(74412,)
(74414,)
(74415,)
(74419,)
(74420,)
(74421,)
(74422,)
(74423,)
(74426,)
(74427,)
(74428,)
(74430,)
(74431,)
(74435,)
(74438,)
(74440,)
(74442,)
(74444,)
(74445,)
(74448,)
(74449,)
(74451,)
(74454,)
(74458,)
(74459,)
(74460,)
(74461,)
(74465,)
(74466,)
(74467,)
(74468,)
(74469,)
(74473,)
(74474,)
(74477,)
(74481,)
(74483,)
(74484,)
(74488,)
(74489,)
(74492,)
(74493,)
(74495,)
(74496,)
(74500,)
(74503,)
(74505,)
(74507,)
(74511,)
(74513,)
(74514,)
(74515,)
(74518,)
(74519,)
(74521,)
(74522,)
(74526,)
(74527,)
(74529,)
(74530,)
(74535,)
(74538,)
(74539,)
(74542,)
(74543,)
(74544,)
(74545,)
(74548,)
(74549,)
(74550,)
(74551,)
(74554,)
(74555,)
(74556,)
(74558,)
(74560,)
(74561,)
(74564,)
(74566,)
(74567,)
(74569,)
(74570,)
(74571,)
(74572,)
(74573,)
(74574,)
(74581,)
(74582,)
(74588,)
(74589,)
(74591,)
(74592,)
(74593,)
(74594,)
(74598,)
(74602,)
(74611,)
(74613,)
(74617,)
(74618,)
(74619,)
(74620,)
(74621,)
(74622,)
(74624,)
(74626,)
(74627,)
(74629,)
(74630,)
(74632,)
(74634,)
(74637,)
(74640,)
(74642,)
(74644,)
(74645,)
(74646,)
(74647,)
(74648,)
(74649,)
(74650,)
(74651,)
(74652,)
(74653,)
(74657,)
(74662,)
(74663,)
(74664,)
(74665,)
(74666,)
(74667,)
(74668,)
(74671,)
(74672,)
(74673,)
(74675,)
(74678,)
(74680,)
(74681,)
(74682,)
(74683,)
(74684,)
(74686,)
(74687,)
(74696,)
(74702,)
(74703,)
(74704,)
(74706,)
(74709,)
(74711,)
(74714,)
(74715,)
(74716,)
(74721,)
(74722,)
(74724,)
(74726,)
(74728,)
(74731,)
(74732,)
(74733,)
(74735,)
(74736,)
(74739,)
(74741,)
(74742,)
(74746,)
(74750,)
(74751,)
(74752,)
(74753,)
(74754,)
(74757,)
(74758,)
(74760,)
(74761,)
(74767,)
(74768,)
(74769,)
(74770,)
(74771,)
(74774,)
(74778,)
(74780,)
(74781,)
(74782,)
(74783,)
(74787,)
(74790,)
(74791,)
(74794,)
(74796,)
(74797,)
(74798,)
(74801,)
(74802,)
(74803,)
(74804,)
(74808,)
(74810,)
(74811,)
(74812,)
(74813,)
(74815,)
(74816,)
(74817,)
(74820,)
(74823,)
(74824,)
(74830,)
(74831,)
(74833,)
(74834,)
(74835,)
(74836,)
(74837,)
(74839,)
(74841,)
(74845,)
(74846,)
(74848,)
(74851,)
(74852,)
(74853,)
(74854,)
(74858,)
(74860,)
(74861,)
(74866,)
(74867,)
(74872,)
(74874,)
(74875,)
(74876,)
(74877,)
(74878,)
(74882,)
(74885,)
(74886,)
(74887,)
(74888,)
(74889,)
(74892,)
(74893,)
(74894,)
(74895,)
(74900,)
(74901,)
(74903,)
(74904,)
(74907,)
(74909,)
(74913,)
(74914,)
(74916,)
(74917,)
(74920,)
(74922,)
(74925,)
(74926,)
(74927,)
(74932,)
(74934,)
(74936,)
(74937,)
(74939,)
(74940,)
(74943,)
(74944,)
(74945,)
(74947,)
(74948,)
(74949,)
(74950,)
(74951,)
(74956,)
(74957,)
(74960,)
(74964,)
(74965,)
(74970,)
(74975,)
(74976,)
(74978,)
(74979,)
(74981,)
(74982,)
(74984,)
(74985,)
(74988,)
(74989,)
(74992,)
(74993,)
(74994,)
(74995,)
(74996,)
(74997,)
(74998,)
(74999,)
(75001,)
(75002,)
(75004,)
(75005,)
(75006,)
(75007,)
(75008,)
(75009,)
(75010,)
(75011,)
(75013,)
(75014,)
(75016,)
(75018,)
(75019,)
(75022,)
(75023,)
(75025,)
(75028,)
(75031,)
(75033,)
(75035,)
(75037,)
(75038,)
(75039,)
(75046,)
(75047,)
(75048,)
(75050,)
(75051,)
(75053,)
(75055,)
(75056,)
(75058,)
(75060,)
(75061,)
(75063,)
(75064,)
(75066,)
(75067,)
(75068,)
(75069,)
(75072,)
(75073,)
(75074,)
(75076,)
(75083,)
(75084,)
(75085,)
(75086,)
(75087,)
(75091,)
(75094,)
(75095,)
(75096,)
(75097,)
(75099,)
(75104,)
(75106,)
(75107,)
(75109,)
(75110,)
(75112,)
(75113,)
(75114,)
(75115,)
(75118,)
(75119,)
(75125,)
(75126,)
(75129,)
(75130,)
(75133,)
(75137,)
(75138,)
(75140,)
(75142,)
(75143,)
(75144,)
(75146,)
(75148,)
(75150,)
(75153,)
(75157,)
(75159,)
(75161,)
(75162,)
(75163,)
(75165,)
(75167,)
(75169,)
(75170,)
(75171,)
(75174,)
(75175,)
(75176,)
(75178,)
(75179,)
(75184,)
(75185,)
(75186,)
(75189,)
(75190,)
(75191,)
(75192,)
(75194,)
(75195,)
(75197,)
(75201,)
(75202,)
(75204,)
(75208,)
(75211,)
(75213,)
(75214,)
(75215,)
(75216,)
(75218,)
(75219,)
(75223,)
(75225,)
(75227,)
(75228,)
(75230,)
(75232,)
(75233,)
(75234,)
(75236,)
(75237,)
(75238,)
(75239,)
(75240,)
(75243,)
(75244,)
(75245,)
(75246,)
(75247,)
(75248,)
(75249,)
(75253,)
(75255,)
(75262,)
(75266,)
(75267,)
(75268,)
(75269,)
(75270,)
(75272,)
(75273,)
(75275,)
(75277,)
(75278,)
(75279,)
(75285,)
(75286,)
(75287,)
(75290,)
(75291,)
(75293,)
(75295,)
(75296,)
(75298,)
(75299,)
(75300,)
(75301,)
(75302,)
(75303,)
(75304,)
(75305,)
(75306,)
(75307,)
(75311,)
(75315,)
(75317,)
(75318,)
(75319,)
(75321,)
(75322,)
(75324,)
(75325,)
(75326,)
(75327,)
(75328,)
(75329,)
(75331,)
(75332,)
(75334,)
(75335,)
(75336,)
(75337,)
(75338,)
(75339,)
(75340,)
(75342,)
(75343,)
(75344,)
(75345,)
(75346,)
(75351,)
(75353,)
(75356,)
(75358,)
(75359,)
(75360,)
(75362,)
(75365,)
(75366,)
(75368,)
(75374,)
(75375,)
(75376,)
(75377,)
(75379,)
(75380,)
(75381,)
(75383,)
(75386,)
(75387,)
(75389,)
(75390,)
(75393,)
(75395,)
(75400,)
(75401,)
(75402,)
(75403,)
(75404,)
(75408,)
(75409,)
(75410,)
(75411,)
(75415,)
(75416,)
(75417,)
(75418,)
(75421,)
(75422,)
(75424,)
(75426,)
(75427,)
(75430,)
(75434,)
(75436,)
(75437,)
(75440,)
(75441,)
(75443,)
(75445,)
(75450,)
(75451,)
(75452,)
(75454,)
(75456,)
(75457,)
(75459,)
(75460,)
(75462,)
(75464,)
(75466,)
(75468,)
(75469,)
(75470,)
(75471,)
(75472,)
(75475,)
(75476,)
(75477,)
(75486,)
(75489,)
(75490,)
(75491,)
(75494,)
(75495,)
(75503,)
(75504,)
(75507,)
(75513,)
(75514,)
(75516,)
(75519,)
(75520,)
(75524,)
(75525,)
(75526,)
(75528,)
(75529,)
(75533,)
(75535,)
(75536,)
(75538,)
(75539,)
(75544,)
(75545,)
(75546,)
(75547,)
(75550,)
(75553,)
(75557,)
(75560,)
(75564,)
(75565,)
(75570,)
(75571,)
(75576,)
(75577,)
(75578,)
(75579,)
(75581,)
(75582,)
(75584,)
(75586,)
(75590,)
(75592,)
(75593,)
(75594,)
(75595,)
(75596,)
(75598,)
(75599,)
(75603,)
(75606,)
(75607,)
(75608,)
(75609,)
(75610,)
(75611,)
(75614,)
(75616,)
(75617,)
(75619,)
(75621,)
(75623,)
(75624,)
(75625,)
(75627,)
(75630,)
(75636,)
(75637,)
(75640,)
(75641,)
(75642,)
(75643,)
(75644,)
(75647,)
(75650,)
(75651,)
(75653,)
(75654,)
(75657,)
(75658,)
(75661,)
(75663,)
(75664,)
(75667,)
(75668,)
(75671,)
(75677,)
(75678,)
(75679,)
(75680,)
(75684,)
(75685,)
(75691,)
(75694,)
(75695,)
(75698,)
(75699,)
(75705,)
(75706,)
(75707,)
(75711,)
(75712,)
(75713,)
(75718,)
(75719,)
(75721,)
(75723,)
(75726,)
(75727,)
(75728,)
(75734,)
(75736,)
(75741,)
(75742,)
(75743,)
(75748,)
(75753,)
(75754,)
(75756,)
(75758,)
(75760,)
(75766,)
(75768,)
(75769,)
(75770,)
(75772,)
(75774,)
(75775,)
(75776,)
(75779,)
(75781,)
(75782,)
(75786,)
(75787,)
(75789,)
(75790,)
(75795,)
(75797,)
(75799,)
(75800,)
(75802,)
(75803,)
(75804,)
(75805,)
(75806,)
(75807,)
(75809,)
(75812,)
(75815,)
(75816,)
(75819,)
(75820,)
(75822,)
(75823,)
(75824,)
(75825,)
(75829,)
(75836,)
(75837,)
(75839,)
(75844,)
(75846,)
(75847,)
(75848,)
(75849,)
(75851,)
(75852,)
(75854,)
(75855,)
(75856,)
(75858,)
(75859,)
(75862,)
(75863,)
(75865,)
(75867,)
(75872,)
(75873,)
(75874,)
(75877,)
(75881,)
(75883,)
(75893,)
(75894,)
(75896,)
(75898,)
(75899,)
(75902,)
(75903,)
(75905,)
(75906,)
(75914,)
(75915,)
(75917,)
(75919,)
(75920,)
(75921,)
(75922,)
(75926,)
(75928,)
(75931,)
(75936,)
(75937,)
(75939,)
(75940,)
(75942,)
(75944,)
(75945,)
(75951,)
(75952,)
(75956,)
(75957,)
(75959,)
(75960,)
(75962,)
(75963,)
(75964,)
(75966,)
(75968,)
(75969,)
(75975,)
(75976,)
(75978,)
(75979,)
(75980,)
(75982,)
(75985,)
(75987,)
(75988,)
(75989,)
(75990,)
(75993,)
(75996,)
(75998,)
(75999,)
(76001,)
(76004,)
(76005,)
(76006,)
(76007,)
(76008,)
(76009,)
(76011,)
(76016,)
(76022,)
(76023,)
(76024,)
(76029,)
(76030,)
(76031,)
(76036,)
(76040,)
(76041,)
(76044,)
(76045,)
(76047,)
(76050,)
(76052,)
(76057,)
(76062,)
(76065,)
(76066,)
(76074,)
(76075,)
(76078,)
(76080,)
(76082,)
(76083,)
(76088,)
(76089,)
(76090,)
(76093,)
(76094,)
(76095,)
(76096,)
(76098,)
(76103,)
(76104,)
(76107,)
(76108,)
(76111,)
(76113,)
(76114,)
(76115,)
(76116,)
(76117,)
(76119,)
(76120,)
(76123,)
(76124,)
(76126,)
(76128,)
(76129,)
(76132,)
(76134,)
(76135,)
(76137,)
(76138,)
(76139,)
(76140,)
(76141,)
(76146,)
(76148,)
(76151,)
(76152,)
(76153,)
(76156,)
(76157,)
(76158,)
(76159,)
(76162,)
(76165,)
(76169,)
(76170,)
(76171,)
(76174,)
(76175,)
(76176,)
(76178,)
(76185,)
(76190,)
(76191,)
(76192,)
(76195,)
(76198,)
(76199,)
(76200,)
(76202,)
(76203,)
(76204,)
(76206,)
(76207,)
(76208,)
(76209,)
(76211,)
(76213,)
(76215,)
(76216,)
(76219,)
(76221,)
(76222,)
(76225,)
(76227,)
(76228,)
(76230,)
(76231,)
(76232,)
(76234,)
(76237,)
(76238,)
(76244,)
(76250,)
(76251,)
(76252,)
(76255,)
(76257,)
(76258,)
(76261,)
(76263,)
(76265,)
(76266,)
(76272,)
(76273,)
(76279,)
(76285,)
(76289,)
(76290,)
(76291,)
(76293,)
(76296,)
(76298,)
(76299,)
(76301,)
(76307,)
(76308,)
(76311,)
(76314,)
(76315,)
(76316,)
(76317,)
(76318,)
(76320,)
(76322,)
(76328,)
(76330,)
(76331,)
(76332,)
(76334,)
(76336,)
(76337,)
(76338,)
(76339,)
(76343,)
(76344,)
(76348,)
(76349,)
(76351,)
(76352,)
(76353,)
(76354,)
(76355,)
(76363,)
(76367,)
(76370,)
(76373,)
(76376,)
(76377,)
(76378,)
(76379,)
(76381,)
(76385,)
(76388,)
(76389,)
(76391,)
(76394,)
(76395,)
(76397,)
(76398,)
(76399,)
(76401,)
(76402,)
(76404,)
(76408,)
(76411,)
(76413,)
(76416,)
(76418,)
(76420,)
(76422,)
(76423,)
(76424,)
(76426,)
(76427,)
(76429,)
(76431,)
(76434,)
(76435,)
(76436,)
(76440,)
(76442,)
(76444,)
(76445,)
(76448,)
(76449,)
(76450,)
(76451,)
(76453,)
(76455,)
(76456,)
(76458,)
(76462,)
(76463,)
(76464,)
(76467,)
(76471,)
(76474,)
(76477,)
(76483,)
(76485,)
(76486,)
(76487,)
(76488,)
(76489,)
(76491,)
(76492,)
(76494,)
(76495,)
(76501,)
(76502,)
(76503,)
(76504,)
(76505,)
(76507,)
(76509,)
(76510,)
(76511,)
(76512,)
(76514,)
(76516,)
(76522,)
(76525,)
(76528,)
(76529,)
(76530,)
(76532,)
(76537,)
(76539,)
(76541,)
(76542,)
(76546,)
(76548,)
(76550,)
(76552,)
(76555,)
(76558,)
(76559,)
(76561,)
(76562,)Traceback (most recent call last):
  File "/home/pi/Share/dp/consumer.py", line 5, in <module>
    consumer = KafkaConsumer('dp')
  File "/home/pi/.local/lib/python3.7/site-packages/kafka/consumer/group.py", line 355, in __init__
    self._client = KafkaClient(metrics=self._metrics, **self.config)
  File "/home/pi/.local/lib/python3.7/site-packages/kafka/client_async.py", line 242, in __init__
    self.config['api_version'] = self.check_version(timeout=check_timeout)
  File "/home/pi/.local/lib/python3.7/site-packages/kafka/client_async.py", line 898, in check_version
    raise Errors.NoBrokersAvailable()
kafka.errors.NoBrokersAvailable: NoBrokersAvailable
(77098,)
(77099,)
(77100,)
(77103,)
(77106,)
(77107,)
(77108,)
(77110,)
(77111,)
(77112,)
(77113,)
(77118,)
(77120,)
(77123,)
(77124,)
(77125,)
(77126,)
(77127,)
(77129,)
(77131,)
(77132,)
(77133,)
(77136,)
(77140,)
(77143,)
(77144,)
(77147,)
(77149,)
(77153,)
(77157,)
(77159,)
(77161,)
(77164,)
(77165,)
(77166,)
(77168,)
(77169,)
(77170,)
(77174,)
(77176,)
(77177,)
(77179,)
(77180,)
(77181,)
(77184,)
(77185,)
(77186,)
(77190,)
(77191,)
(77193,)
(77194,)
(77197,)
(77202,)
(77204,)
(77206,)
(77207,)
(77208,)
(77210,)
(77213,)
(77214,)
(77215,)
(77216,)
(77218,)
(77220,)
(77221,)
(77222,)
(77223,)
(77226,)
(77228,)
(77232,)
(77234,)
(77235,)
(77237,)
(77238,)
(77239,)
(77240,)
(77241,)
(77242,)
(77243,)
(77245,)
(77248,)
(77251,)
(77262,)
(77265,)
(77266,)
(77271,)
(77274,)
(77277,)
(77278,)
(77279,)
(77284,)
(77286,)
(77287,)
(77290,)
(77291,)
(77292,)
(77293,)
(77300,)
(77303,)
(77304,)
(77307,)
(77308,)
(77311,)
(77312,)
(77313,)
(77316,)
(77318,)
(77320,)
(77321,)
(77323,)
(77326,)
(77332,)
(77333,)
(77334,)
(77335,)
(77336,)
(77337,)
(77340,)
(77341,)
(77342,)
(77344,)
(77346,)
(77351,)
(77352,)
(77353,)
(77355,)
(77357,)
(77360,)
(77363,)
(77365,)
(77367,)
(77369,)
(77372,)
(77378,)
(77380,)
(77383,)
(77384,)
(77385,)
(77387,)
(77391,)
(77392,)
(77393,)
(77398,)
(77400,)
(77401,)
(77403,)
(77404,)
(77405,)
(77406,)
(77410,)
(77412,)
(77414,)
(77418,)
(77419,)
(77421,)
(77422,)
(77423,)
(77424,)
(77425,)
(77426,)
(77427,)
(77429,)
(77431,)
(77434,)
(77435,)
(77439,)
(77440,)
(77442,)
(77446,)
(77447,)
(77449,)
(77455,)
(77458,)
(77459,)
(77460,)
(77463,)
(77464,)
(77466,)
(77467,)
(77468,)
(77469,)
(77470,)
(77472,)
(77474,)
(77475,)
(77477,)
(77479,)
(77482,)
(77483,)
(77485,)
(77486,)
(77487,)
(77488,)
(77489,)
(77490,)
(77491,)
(77496,)
(77497,)
(77498,)
(77504,)
(77506,)
(77507,)
(77509,)
(77514,)
(77515,)
(77516,)
(77517,)
(77518,)
(77519,)
(77522,)
(77523,)
(77524,)
(77525,)
(77526,)
(77528,)
(77529,)
(77531,)
(77534,)
(77537,)
(77538,)
(77539,)
(77542,)
(77546,)
(77548,)
(77549,)
(77551,)
(77554,)
(77555,)
(77558,)
(77559,)
(77561,)
(77565,)
(77567,)
(77568,)
(77569,)
(77570,)
(77571,)
(77573,)
(77575,)
(77576,)
(77578,)
(77579,)
(77580,)
(77581,)
(77584,)
(77586,)
(77587,)
(77589,)
(77590,)
(77591,)
(77592,)
(77596,)
(77598,)
(77599,)
(77604,)
(77605,)
(77606,)
(77607,)
(77608,)
(77609,)
(77610,)
(77611,)
(77612,)
(77614,)
(77616,)
(77617,)
(77619,)
(77620,)
(77624,)
(77625,)
(77626,)
(77627,)
(77629,)
(77631,)
(77632,)
(77633,)
(77634,)
(77635,)
(77636,)
(77637,)
(77638,)
(77642,)
(77643,)
(77644,)
(77645,)
(77646,)
(77648,)
(77649,)
(77650,)
(77651,)
(77653,)
(77654,)
(77657,)
(77662,)
(77663,)
(77665,)
(77666,)
(77667,)
(77671,)
(77673,)
(77675,)
(77677,)
(77678,)
(77680,)
(77681,)
(77682,)
(77683,)
(77685,)
(77692,)
(77695,)
(77696,)
(77697,)
(77698,)
(77699,)
(77700,)
(77701,)
(77702,)
(77703,)
(77704,)
(77709,)
(77710,)
(77711,)
(77713,)
(77714,)
(77715,)
(77716,)
(77717,)
(77718,)
(77719,)
(77720,)
(77721,)
(77723,)
(77725,)
(77726,)
(77728,)
(77730,)
(77731,)
(77737,)
(77739,)
(77741,)
(77743,)
(77745,)
(77746,)
(77748,)
(77751,)
(77753,)
(77755,)
(77758,)
(77760,)
(77762,)
(77763,)
(77764,)
(77765,)
(77766,)
(77768,)
(77769,)
(77770,)
(77772,)
(77773,)
(77774,)
(77775,)
(77776,)
(77778,)
(77779,)
(77780,)
(77781,)
(77783,)
(77785,)
(77787,)
(77790,)
(77792,)
(77794,)
(77799,)
(77806,)
(77810,)
(77811,)
(77812,)
(77813,)
(77814,)
(77824,)
(77827,)
(77829,)
(77831,)
(77839,)
(77840,)
(77842,)
(77844,)
(77846,)
(77847,)
(77848,)
(77851,)
(77853,)
(77858,)
(77859,)
(77862,)
(77865,)
(77867,)
(77869,)
(77870,)
(77871,)
(77872,)
(77873,)
(77874,)
(77876,)
(77878,)
(77879,)
(77881,)
(77882,)
(77884,)
(77885,)
(77887,)
(77888,)
(77894,)
(77896,)
(77897,)
(77901,)
(77903,)
(77908,)
(77912,)
(77913,)
(77919,)
(77922,)
(77923,)
(77925,)
(77926,)
(77928,)
(77932,)
(77937,)
(77938,)
(77939,)
(77956,)
(77957,)
(77959,)
(77961,)
(77963,)
(77964,)
(77965,)
(77967,)
(77970,)
(77972,)
(77973,)
(77974,)
(77977,)
(77978,)
(77979,)
(77983,)
(77987,)
(77991,)
(77995,)
(77997,)
(77998,)
(77999,)
(78005,)
(78008,)
(78009,)
(78010,)
(78011,)
(78013,)
(78018,)
(78020,)
(78023,)
(78024,)
(78026,)
(78027,)
(78028,)
(78029,)
(78030,)
(78034,)
(78037,)
(78039,)
(78040,)
(78044,)
(78046,)
(78049,)
(78050,)
(78052,)
(78053,)
(78055,)
(78056,)
(78057,)
(78058,)
(78059,)
(78060,)
(78061,)
(78062,)
(78063,)
(78065,)
(78066,)
(78069,)
(78070,)
(78072,)
(78074,)
(78076,)
(78078,)
(78079,)
(78080,)
(78081,)
(78082,)
(78084,)
(78085,)
(78089,)
(78092,)
(78093,)
(78096,)
(78097,)
(78098,)
(78099,)
(78103,)
(78104,)
(78106,)
(78107,)
(78108,)
(78110,)
(78114,)
(78117,)
(78118,)
(78119,)
(78120,)
(78121,)
(78122,)
(78126,)
(78133,)
(78135,)
(78137,)
(78138,)
(78140,)
(78142,)
(78146,)
(78147,)
(78149,)
(78151,)
(78153,)
(78154,)
(78155,)
(78158,)
(78161,)
(78162,)
(78163,)
(78168,)
(78169,)
(78171,)
(78175,)
(78176,)
(78177,)
(78179,)
(78181,)
(78185,)
(78186,)
(78187,)
(78190,)
(78192,)
(78193,)
(78194,)
(78201,)
(78203,)
(78209,)
(78210,)
(78212,)
(78215,)
(78216,)
(78218,)
(78219,)
(78220,)
(78224,)
(78225,)
(78226,)
(78228,)
(78229,)
(78235,)
(78237,)
(78239,)
(78240,)
(78244,)
(78246,)
(78250,)
(78251,)
(78253,)
(78254,)
(78255,)
(78256,)
(78257,)
(78262,)
(78264,)
(78266,)
(78267,)
(78268,)
(78269,)
(78270,)
(78271,)
(78272,)
(78273,)
(78276,)
(78277,)
(78278,)
(78279,)
(78281,)
(78283,)
(78284,)
(78285,)
(78287,)
(78288,)
(78289,)
(78294,)
(78295,)
(78297,)
(78299,)
(78300,)
(78301,)
(78305,)
(78306,)
(78309,)
(78311,)
(78312,)
(78313,)
(78314,)
(78317,)
(78320,)
(78321,)
(78322,)
(78323,)
(78324,)
(78325,)
(78326,)
(78328,)
(78329,)
(78330,)
(78333,)
(78335,)
(78338,)
(78345,)
(78347,)
(78348,)
(78349,)
(78350,)
(78351,)
(78352,)
(78354,)
(78356,)
(78361,)
(78363,)
(78364,)
(78365,)
(78366,)
(78367,)
(78370,)
(78371,)
(78376,)
(78377,)
(78380,)
(78381,)
(78383,)
(78384,)
(78386,)
(78387,)
(78389,)
(78394,)
(78395,)
(78399,)
(78402,)
(78405,)
(78406,)
(78407,)
(78408,)
(78410,)
(78411,)
(78413,)
(78415,)
(78416,)
(78417,)
(78419,)
(78422,)
(78423,)
(78424,)
(78429,)
(78430,)
(78431,)
(78433,)
(78436,)
(78437,)
(78438,)
(78439,)
(78442,)
(78443,)
(78444,)
(78446,)
(78448,)
(78449,)
(78450,)
(78456,)
(78457,)
(78458,)
(78460,)
(78461,)
(78466,)
(78469,)
(78472,)
(78474,)
(78475,)
(78476,)
(78477,)
(78481,)
(78482,)
(78486,)
(78487,)
(78488,)
(78489,)
(78490,)
(78491,)
(78492,)
(78494,)
(78497,)
(78499,)
(78500,)
(78503,)
(78504,)
(78512,)
(78518,)
(78519,)
(78520,)
(78521,)
(78522,)
(78524,)
(78525,)
(78526,)
(78529,)
(78531,)
(78534,)
(78536,)
(78537,)
(78539,)
(78540,)
(78541,)
(78544,)
(78548,)
(78550,)
(78552,)
(78555,)
(78556,)
(78558,)
(78561,)
(78564,)
(78570,)
(78571,)
(78575,)
(78576,)
(78583,)
(78585,)
(78586,)
(78587,)
(78589,)
(78590,)
(78592,)
(78594,)
(78596,)
(78597,)
(78599,)
(78600,)
(78601,)
(78602,)
(78603,)
(78605,)
(78606,)
(78608,)
(78609,)
(78611,)
(78613,)
(78614,)
(78615,)
(78617,)
(78618,)
(78619,)
(78621,)
(78623,)
(78624,)
(78625,)
(78626,)
(78628,)
(78630,)
(78631,)
(78632,)
(78634,)
(78635,)
(78638,)
(78639,)
(78640,)
(78642,)
(78645,)
(78646,)
(78649,)
(78650,)
(78652,)
(78656,)
(78658,)
(78660,)
(78663,)
(78668,)
(78669,)
(78671,)
(78674,)
(78675,)
(78677,)
(78680,)
(78682,)
(78685,)
(78686,)
(78687,)
(78688,)
(78689,)
(78690,)
(78692,)
(78695,)
(78698,)
(78699,)
(78701,)
(78703,)
(78705,)
(78707,)
(78708,)
(78709,)
(78712,)
(78713,)
(78714,)
(78715,)
(78716,)
(78719,)
(78721,)
(78723,)
(78724,)
(78727,)
(78731,)
(78732,)
(78734,)
(78736,)
(78739,)
(78741,)
(78743,)
(78746,)
(78747,)
(78748,)
(78749,)
(78755,)
(78757,)
(78759,)
(78760,)
(78763,)
(78772,)
(78776,)
(78779,)
(78781,)
(78785,)
(78787,)
(78792,)
(78793,)
(78795,)
(78798,)
(78801,)
(78802,)
(78804,)
(78805,)
(78806,)
(78807,)
(78808,)
(78809,)
(78811,)
(78812,)
(78815,)
(78816,)
(78820,)
(78821,)
(78828,)
(78830,)
(78831,)
(78833,)
(78836,)
(78837,)
(78839,)
(78840,)
(78842,)
(78843,)
(78847,)
(78849,)
(78850,)
(78851,)
(78855,)
(78859,)
(78863,)
(78864,)
(78866,)
(78867,)
(78870,)
(78871,)
(78872,)
(78873,)
(78876,)
(78879,)
(78882,)
(78884,)
(78888,)
(78889,)
(78892,)
(78894,)
(78898,)
(78899,)
(78904,)
(78906,)
(78907,)
(78909,)
(78910,)
(78911,)
(78913,)
(78917,)
(78918,)
(78919,)
(78922,)
(78927,)
(78928,)
(78934,)
(78937,)
(78938,)
(78939,)
(78943,)
(78944,)
(78945,)
(78946,)
(78947,)
(78948,)
(78949,)
(78950,)
(78951,)
(78953,)
(78954,)
(78957,)
(78960,)
(78963,)
(78965,)
(78966,)
(78967,)
(78968,)
(78969,)
(78971,)
(78975,)
(78976,)
(78979,)
(78981,)
(78982,)
(78986,)
(78987,)
(78989,)
(78990,)
(78992,)
(78993,)
(78995,)
(78997,)
(78998,)
(79000,)
(79001,)
(79002,)
(79005,)
(79006,)
(79007,)
(79011,)
(79018,)
(79019,)
(79021,)
(79022,)
(79023,)
(79027,)
(79028,)
(79030,)
(79032,)
(79033,)
(79037,)
(79038,)
(79043,)
(79045,)
(79046,)
(79047,)
(79051,)
(79055,)
(79056,)
(79058,)
(79060,)
(79062,)
(79065,)
(79068,)
(79071,)
(79072,)
(79074,)
(79076,)
(79077,)
(79078,)
(79079,)
(79080,)
(79081,)
(79086,)
(79087,)
(79088,)
(79089,)
(79091,)
(79092,)
(79094,)
(79097,)
(79103,)
(79110,)
(79111,)
(79112,)
(79113,)
(79115,)
(79116,)
(79119,)
(79120,)
(79122,)
(79125,)
(79126,)
(79128,)
(79130,)
(79131,)
(79132,)
(79136,)
(79137,)
(79138,)
(79139,)
(79142,)
(79144,)
(79146,)
(79147,)
(79148,)
(79153,)
(79154,)
(79155,)
(79156,)
(79159,)
(79160,)
(79162,)
(79163,)
(79164,)
(79166,)
(79167,)
(79169,)
(79171,)
(79172,)
(79175,)
(79182,)
(79187,)
(79193,)
(79195,)
(79198,)
(79200,)
(79201,)
(79203,)
(79204,)
(79205,)
(79207,)
(79208,)
(79209,)
(79210,)
(79212,)
(79213,)
(79214,)
(79216,)
(79217,)
(79222,)
(79223,)
(79227,)
(79228,)
(79229,)
(79230,)
(79232,)
(79233,)
(79236,)
(79237,)
(79239,)
(79242,)
(79245,)
(79246,)
(79247,)
(79248,)
(79250,)
(79251,)
(79253,)
(79255,)
(79257,)
(79258,)
(79259,)
(79260,)
(79264,)
(79265,)
(79266,)
(79267,)
(79268,)
(79270,)
(79271,)
(79274,)
(79276,)
(79277,)
(79279,)
(79289,)
(79290,)
(79291,)
(79292,)
(79293,)
(79295,)
(79296,)
(79297,)
(79299,)
(79300,)
(79301,)
(79303,)
(79304,)
(79306,)
(79310,)
(79311,)
(79312,)
(79316,)
(79317,)
(79320,)
(79322,)
(79324,)
(79327,)
(79329,)
(79331,)
(79333,)
(79334,)
(79335,)
(79336,)
(79337,)
(79338,)
(79340,)
(79342,)
(79343,)
(79344,)
(79348,)
(79352,)
(79354,)
(79357,)
(79358,)
(79359,)
(79364,)
(79365,)
(79368,)
(79369,)
(79371,)
(79372,)
(79373,)
(79374,)
(79375,)
(79377,)
(79379,)
(79381,)
(79382,)
(79383,)
(79385,)
(79386,)
(79388,)
(79394,)
(79395,)
(79396,)
(79397,)
(79398,)
(79401,)
(79402,)
(79407,)
(79409,)
(79410,)
(79414,)
(79415,)
(79417,)
(79420,)
(79421,)
(79424,)
(79426,)
(79428,)
(79432,)
(79435,)
(79436,)
(79437,)
(79441,)
(79444,)
(79446,)
(79447,)
(79449,)
(79452,)
(79453,)
(79455,)
(79456,)
(79457,)
(79459,)
(79460,)
(79462,)
(79464,)
(79465,)
(79468,)
(79472,)
(79475,)
(79476,)
(79477,)
(79483,)
(79484,)
(79492,)
(79494,)
(79495,)
(79502,)
(79503,)
(79504,)
(79506,)
(79509,)
(79511,)
(79512,)
(79515,)
(79516,)
(79520,)
(79522,)
(79523,)
(79525,)
(79526,)
(79527,)
(79530,)
(79533,)
(79535,)
(79537,)
(79539,)
(79544,)
(79545,)
(79550,)
(79551,)
(79552,)
(79555,)
(79560,)
(79561,)
(79563,)
(79564,)
(79565,)
(79566,)
(79567,)
(79571,)
(79572,)
(79573,)
(79574,)
(79576,)
(79577,)
(79579,)
(79581,)
(79582,)
(79588,)
(79594,)
(79603,)
(79604,)
(79606,)
(79607,)
(79608,)
(79611,)
(79615,)
(79616,)
(79621,)
(79623,)
(79624,)
(79625,)
(79629,)
(79632,)
(79636,)
(79638,)
(79640,)
(79644,)
(79645,)
(79647,)
(79648,)
(79649,)
(79652,)
(79653,)
(79656,)
(79657,)
(79659,)
(79660,)
(79661,)
(79662,)
(79663,)
(79665,)
(79670,)
(79672,)
(79673,)
(79675,)
(79677,)
(79679,)
(79681,)
(79682,)
(79683,)
(79686,)
(79687,)
(79690,)
(79691,)
(79693,)
(79696,)
(79697,)
(79705,)
(79707,)
(79711,)
(79713,)
(79715,)
(79716,)
(79718,)
(79719,)
(79722,)
(79725,)
(79728,)
(79729,)
(79730,)
(79731,)
(79732,)
(79734,)
(79735,)
(79736,)
(79738,)
(79739,)
(79742,)
(79743,)
(79745,)
(79748,)
(79752,)
(79753,)
(79756,)
(79759,)
(79760,)
(79761,)
(79762,)
(79767,)
(79768,)
(79769,)
(79770,)
(79771,)
(79773,)
(79774,)
(79775,)
(79776,)
(79778,)
(79779,)
(79780,)
(79781,)
(79783,)
(79784,)
(79788,)
(79791,)
(79792,)
(79795,)
(79796,)
(79802,)
(79803,)
(79806,)
(79807,)
(79808,)
(79810,)
(79811,)
(79813,)
(79814,)
(79817,)
(79819,)
(79820,)
(79821,)
(79823,)
(79825,)
(79826,)
(79828,)
(79830,)
(79831,)
(79832,)
(79837,)
(79840,)
(79842,)
(79843,)
(79844,)
(79845,)
(79847,)
(79849,)
(79850,)
(79851,)
(79852,)
(79854,)
(79856,)
(79857,)
(79861,)
(79863,)
(79864,)
(79866,)
(79868,)
(79874,)
(79876,)
(79877,)
(79878,)
(79880,)
(79881,)
(79882,)
(79885,)
(79890,)
(79891,)
(79893,)
(79894,)
(79895,)
(79896,)
(79897,)
(79898,)
(79899,)
(79902,)
(79903,)
(79906,)
(79907,)
(79909,)
(79910,)
(79912,)
(79913,)
(79918,)
(79919,)
(79921,)
(79922,)
(79923,)
(79925,)
(79926,)
(79927,)
(79928,)
(79929,)
(79931,)
(79932,)
(79933,)
(79934,)
(79940,)
(79941,)
(79943,)
(79944,)
(79946,)
(79950,)
(79953,)
(79956,)
(79959,)
(79961,)
(79963,)
(79964,)
(79968,)
(79969,)
(79970,)
(79972,)
(79975,)
(79978,)
(79979,)
(79980,)
(79986,)
(79987,)
(79993,)
(79994,)
(79995,)
(79996,)
(79998,)
(79999,)
(80002,)
(80004,)
(80005,)
(80006,)
(80009,)
(80010,)
(80011,)
(80016,)
(80019,)
(80022,)
(80024,)
(80027,)
(80029,)
(80031,)
(80032,)
(80033,)
(80034,)
(80035,)
(80037,)
(80038,)
(80039,)
(80041,)
(80042,)
(80044,)
(80045,)
(80046,)
(80048,)
(80050,)
(80051,)
(80053,)
(80055,)
(80056,)
(80057,)
(80059,)
(80061,)
(80062,)
(80064,)
(80070,)
(80073,)
(80076,)
(80077,)
(80079,)
(80085,)
(80087,)
(80088,)
(80089,)
(80096,)
(80098,)
(80099,)
(80101,)
(80102,)
(80103,)
(80107,)
(80109,)
(80112,)
(80117,)
(80118,)
(80119,)
(80120,)
(80122,)
(80123,)
(80128,)
(80134,)
(80136,)
(80137,)
(80138,)
(80139,)
(80142,)
(80143,)
(80144,)
(80146,)
(80148,)
(80151,)
(80152,)
(80153,)
(80154,)
(80155,)
(80156,)
(80159,)
(80160,)
(80161,)
(80162,)
(80163,)
(80164,)
(80171,)
(80172,)
(80174,)
(80176,)
(80177,)
(80179,)
(80180,)
(80181,)
(80182,)
(80183,)
(80185,)
(80186,)
(80188,)
(80189,)
(80192,)
(80193,)
(80194,)
(80202,)
(80203,)
(80206,)
(80207,)
(80208,)
(80209,)
(80210,)
(80211,)
(80212,)
(80213,)
(80215,)
(80216,)
(80220,)
(80225,)
(80226,)
(80228,)
(80230,)
(80231,)
(80232,)
(80235,)
(80236,)
(80237,)
(80240,)
(80241,)
(80242,)
(80246,)
(80247,)
(80250,)
(80251,)
(80252,)
(80254,)
(80257,)
(80261,)
(80263,)
(80264,)
(80268,)
(80269,)
(80273,)
(80274,)
(80277,)
(80278,)
(80281,)
(80284,)
(80285,)
(80288,)
(80289,)
(80297,)
(80299,)
(80300,)
(80301,)
(80304,)
(80305,)
(80306,)
(80308,)
(80311,)
(80313,)
(80315,)
(80317,)
(80319,)
(80320,)
(80321,)
(80324,)
(80325,)
(80326,)
(80327,)
(80329,)
(80332,)
(80333,)
(80334,)
(80335,)
(80340,)
(80341,)
(80342,)
(80343,)
(80345,)
(80348,)
(80350,)
(80351,)
(80352,)
(80353,)
(80355,)
(80356,)
(80361,)
(80362,)
(80364,)
(80366,)
(80368,)
(80369,)
(80370,)
(80371,)
(80372,)
(80373,)
(80379,)
(80381,)
(80384,)
(80387,)
(80388,)
(80389,)
(80394,)
(80395,)
(80396,)
(80397,)
(80399,)
(80401,)
(80403,)
(80405,)
(80408,)
(80409,)
(80410,)
(80411,)
(80415,)
(80416,)
(80419,)
(80420,)
(80421,)
(80422,)
(80424,)
(80426,)
(80428,)
(80431,)
(80434,)
(80435,)
(80437,)
(80439,)
(80441,)
(80442,)
(80445,)
(80447,)
(80448,)
(80450,)
(80451,)
(80455,)
(80457,)
(80459,)
(80461,)
(80463,)
(80465,)
(80468,)
(80469,)
(80470,)
(80472,)
(80474,)
(80477,)
(80478,)
(80480,)
(80481,)
(80482,)
(80483,)
(80484,)
(80487,)
(80489,)
(80497,)
(80498,)
(80499,)
(80500,)
(80502,)
(80503,)
(80505,)
(80506,)
(80509,)
(80510,)
(80513,)
(80515,)
(80516,)
(80518,)
(80519,)
(80520,)
(80521,)
(80523,)
(80525,)
(80526,)
(80531,)
(80532,)
(80533,)
(80535,)
(80537,)
(80539,)
(80540,)
(80541,)
(80542,)
(80543,)
(80547,)
(80548,)
(80549,)
(80552,)
(80553,)
(80558,)
(80559,)
(80560,)
(80563,)
(80565,)
(80569,)
(80570,)
(80571,)
(80573,)
(80577,)
(80579,)
(80580,)
(80582,)
(80583,)
(80585,)
(80586,)
(80587,)
(80588,)
(80591,)
(80592,)
(80593,)
(80594,)
(80595,)
(80596,)
(80597,)
(80600,)
(80601,)
(80603,)
(80607,)
(80614,)
(80615,)
(80618,)
(80620,)
(80621,)
(80623,)
(80624,)
(80629,)
(80630,)
(80632,)
(80636,)
(80637,)
(80639,)
(80640,)
(80641,)
(80642,)
(80643,)
(80644,)
(80648,)
(80657,)
(80658,)
(80660,)
(80661,)
(80662,)
(80663,)
(80665,)
(80666,)
(80667,)
(80668,)
(80671,)
(80672,)
(80673,)
(80675,)
(80676,)
(80677,)
(80678,)
(80681,)
(80682,)
(80683,)
(80685,)
(80689,)
(80690,)
(80691,)
(80693,)
(80694,)
(80695,)
(80699,)
(80700,)
(80701,)
(80702,)
(80704,)
(80705,)
(80706,)
(80707,)
(80708,)
(80709,)  File "/home/pi/Share/dp/consumer.py", line 1
SyntaxError: Non-UTF-8 code starting with '\x8b' in file /home/pi/Share/dp/consumer.py on line 1, but no encoding declared; see http://python.org/dev/peps/pep-0263/ for details
Traceback (most recent call last):
  File "/home/pi/Share/dp/consumer.py", line 5, in <module>
    consumer = KafkaConsumer('dp')
  File "/home/pi/.local/lib/python3.7/site-packages/kafka/consumer/group.py", line 355, in __init__
    self._client = KafkaClient(metrics=self._metrics, **self.config)
  File "/home/pi/.local/lib/python3.7/site-packages/kafka/client_async.py", line 242, in __init__
    self.config['api_version'] = self.check_version(timeout=check_timeout)
  File "/home/pi/.local/lib/python3.7/site-packages/kafka/client_async.py", line 898, in check_version
    raise Errors.NoBrokersAvailable()
kafka.errors.NoBrokersAvailable: NoBrokersAvailable
